{"/home/weningerii/CascadeProjects/windsurf-project/src/components/AccessibleDialog.tsx": {"path":"/home/weningerii/CascadeProjects/windsurf-project/src/components/AccessibleDialog.tsx","statementMap":{"0":{"start":{"line":14,"column":65},"end":{"line":77,"column":null}},"1":{"start":{"line":21,"column":8},"end":{"line":21,"column":null}},"2":{"start":{"line":22,"column":8},"end":{"line":22,"column":null}},"3":{"start":{"line":24,"column":2},"end":{"line":31,"column":null}},"4":{"start":{"line":25,"column":4},"end":{"line":30,"column":null}},"5":{"start":{"line":26,"column":6},"end":{"line":26,"column":null}},"6":{"start":{"line":27,"column":6},"end":{"line":27,"column":null}},"7":{"start":{"line":28,"column":4},"end":{"line":30,"column":null}},"8":{"start":{"line":29,"column":6},"end":{"line":29,"column":null}},"9":{"start":{"line":33,"column":2},"end":{"line":42,"column":null}},"10":{"start":{"line":34,"column":25},"end":{"line":38,"column":null}},"11":{"start":{"line":35,"column":6},"end":{"line":37,"column":null}},"12":{"start":{"line":36,"column":8},"end":{"line":36,"column":null}},"13":{"start":{"line":40,"column":4},"end":{"line":40,"column":null}},"14":{"start":{"line":41,"column":4},"end":{"line":41,"column":null}},"15":{"start":{"line":41,"column":17},"end":{"line":41,"column":null}},"16":{"start":{"line":44,"column":2},"end":{"line":44,"column":null}},"17":{"start":{"line":44,"column":15},"end":{"line":44,"column":null}},"18":{"start":{"line":46,"column":2},"end":{"line":75,"column":null}},"19":{"start":{"line":57,"column":24},"end":{"line":57,"column":null}}},"fnMap":{"0":{"name":"(anonymous_0)","decl":{"start":{"line":14,"column":65},"end":{"line":14,"column":66}},"loc":{"start":{"line":20,"column":6},"end":{"line":77,"column":null}},"line":20},"1":{"name":"(anonymous_1)","decl":{"start":{"line":24,"column":12},"end":{"line":24,"column":18}},"loc":{"start":{"line":24,"column":18},"end":{"line":31,"column":5}},"line":24},"2":{"name":"(anonymous_2)","decl":{"start":{"line":33,"column":12},"end":{"line":33,"column":18}},"loc":{"start":{"line":33,"column":18},"end":{"line":42,"column":5}},"line":33},"3":{"name":"(anonymous_3)","decl":{"start":{"line":34,"column":25},"end":{"line":34,"column":26}},"loc":{"start":{"line":34,"column":47},"end":{"line":38,"column":null}},"line":34},"4":{"name":"(anonymous_4)","decl":{"start":{"line":41,"column":11},"end":{"line":41,"column":17}},"loc":{"start":{"line":41,"column":17},"end":{"line":41,"column":null}},"line":41},"5":{"name":"(anonymous_5)","decl":{"start":{"line":57,"column":17},"end":{"line":57,"column":18}},"loc":{"start":{"line":57,"column":24},"end":{"line":57,"column":null}},"line":57}},"branchMap":{"0":{"loc":{"start":{"line":25,"column":4},"end":{"line":30,"column":null}},"type":"if","locations":[{"start":{"line":25,"column":4},"end":{"line":30,"column":null}},{"start":{"line":28,"column":4},"end":{"line":30,"column":null}}],"line":25},"1":{"loc":{"start":{"line":28,"column":4},"end":{"line":30,"column":null}},"type":"if","locations":[{"start":{"line":28,"column":4},"end":{"line":30,"column":null}},{"start":{},"end":{}}],"line":28},"2":{"loc":{"start":{"line":35,"column":6},"end":{"line":37,"column":null}},"type":"if","locations":[{"start":{"line":35,"column":6},"end":{"line":37,"column":null}},{"start":{},"end":{}}],"line":35},"3":{"loc":{"start":{"line":35,"column":10},"end":{"line":35,"column":40}},"type":"binary-expr","locations":[{"start":{"line":35,"column":10},"end":{"line":35,"column":32}},{"start":{"line":35,"column":32},"end":{"line":35,"column":40}}],"line":35},"4":{"loc":{"start":{"line":44,"column":2},"end":{"line":44,"column":null}},"type":"if","locations":[{"start":{"line":44,"column":2},"end":{"line":44,"column":null}},{"start":{},"end":{}}],"line":44},"5":{"loc":{"start":{"line":52,"column":18},"end":{"line":52,"column":null}},"type":"binary-expr","locations":[{"start":{"line":52,"column":18},"end":{"line":52,"column":31}},{"start":{"line":52,"column":31},"end":{"line":52,"column":null}}],"line":52}},"s":{"0":1,"1":6,"2":6,"3":6,"4":6,"5":4,"6":4,"7":2,"8":1,"9":6,"10":6,"11":2,"12":1,"13":6,"14":6,"15":6,"16":6,"17":2,"18":4,"19":2},"f":{"0":6,"1":6,"2":6,"3":2,"4":6,"5":2},"b":{"0":[4,2],"1":[1,1],"2":[1,1],"3":[2,1],"4":[2,4],"5":[4,3]},"meta":{"lastBranch":6,"lastFunction":6,"lastStatement":20,"seen":{"s:14:65:77:Infinity":0,"f:14:65:14:66":0,"s:21:8:21:Infinity":1,"s:22:8:22:Infinity":2,"s:24:2:31:Infinity":3,"f:24:12:24:18":1,"b:25:4:30:Infinity:28:4:30:Infinity":0,"s:25:4:30:Infinity":4,"s:26:6:26:Infinity":5,"s:27:6:27:Infinity":6,"b:28:4:30:Infinity:undefined:undefined:undefined:undefined":1,"s:28:4:30:Infinity":7,"s:29:6:29:Infinity":8,"s:33:2:42:Infinity":9,"f:33:12:33:18":2,"s:34:25:38:Infinity":10,"f:34:25:34:26":3,"b:35:6:37:Infinity:undefined:undefined:undefined:undefined":2,"s:35:6:37:Infinity":11,"b:35:10:35:32:35:32:35:40":3,"s:36:8:36:Infinity":12,"s:40:4:40:Infinity":13,"s:41:4:41:Infinity":14,"f:41:11:41:17":4,"s:41:17:41:Infinity":15,"b:44:2:44:Infinity:undefined:undefined:undefined:undefined":4,"s:44:2:44:Infinity":16,"s:44:15:44:Infinity":17,"s:46:2:75:Infinity":18,"b:52:18:52:31:52:31:52:Infinity":5,"f:57:17:57:18":5,"s:57:24:57:Infinity":19}}}
,"/home/weningerii/CascadeProjects/windsurf-project/src/components/CharacterCreation.tsx": {"path":"/home/weningerii/CascadeProjects/windsurf-project/src/components/CharacterCreation.tsx","statementMap":{"0":{"start":{"line":21,"column":67},"end":{"line":497,"column":null}},"1":{"start":{"line":26,"column":8},"end":{"line":26,"column":null}},"2":{"start":{"line":27,"column":8},"end":{"line":33,"column":null}},"3":{"start":{"line":28,"column":4},"end":{"line":28,"column":null}},"4":{"start":{"line":28,"column":21},"end":{"line":28,"column":null}},"5":{"start":{"line":29,"column":4},"end":{"line":32,"column":null}},"6":{"start":{"line":30,"column":6},"end":{"line":30,"column":null}},"7":{"start":{"line":31,"column":6},"end":{"line":31,"column":null}},"8":{"start":{"line":35,"column":36},"end":{"line":35,"column":null}},"9":{"start":{"line":36,"column":28},"end":{"line":36,"column":null}},"10":{"start":{"line":37,"column":28},"end":{"line":37,"column":null}},"11":{"start":{"line":38,"column":28},"end":{"line":38,"column":null}},"12":{"start":{"line":39,"column":24},"end":{"line":39,"column":null}},"13":{"start":{"line":41,"column":40},"end":{"line":49,"column":null}},"14":{"start":{"line":41,"column":60},"end":{"line":49,"column":4}},"15":{"start":{"line":51,"column":2},"end":{"line":62,"column":null}},"16":{"start":{"line":52,"column":4},"end":{"line":60,"column":null}},"17":{"start":{"line":61,"column":4},"end":{"line":61,"column":null}},"18":{"start":{"line":64,"column":2},"end":{"line":81,"column":null}},"19":{"start":{"line":66,"column":6},"end":{"line":66,"column":null}},"20":{"start":{"line":67,"column":6},"end":{"line":78,"column":null}},"21":{"start":{"line":68,"column":41},"end":{"line":71,"column":null}},"22":{"start":{"line":72,"column":8},"end":{"line":72,"column":null}},"23":{"start":{"line":73,"column":8},"end":{"line":73,"column":null}},"24":{"start":{"line":75,"column":8},"end":{"line":75,"column":null}},"25":{"start":{"line":77,"column":8},"end":{"line":77,"column":null}},"26":{"start":{"line":80,"column":4},"end":{"line":80,"column":null}},"27":{"start":{"line":83,"column":32},"end":{"line":91,"column":null}},"28":{"start":{"line":93,"column":27},"end":{"line":93,"column":null}},"29":{"start":{"line":95,"column":24},"end":{"line":95,"column":null}},"30":{"start":{"line":95,"column":46},"end":{"line":95,"column":78}},"31":{"start":{"line":96,"column":26},"end":{"line":96,"column":null}},"32":{"start":{"line":96,"column":49},"end":{"line":96,"column":84}},"33":{"start":{"line":98,"column":21},"end":{"line":102,"column":null}},"34":{"start":{"line":99,"column":4},"end":{"line":101,"column":null}},"35":{"start":{"line":100,"column":6},"end":{"line":100,"column":null}},"36":{"start":{"line":104,"column":25},"end":{"line":108,"column":null}},"37":{"start":{"line":105,"column":4},"end":{"line":107,"column":null}},"38":{"start":{"line":106,"column":6},"end":{"line":106,"column":null}},"39":{"start":{"line":110,"column":25},"end":{"line":161,"column":null}},"40":{"start":{"line":111,"column":4},"end":{"line":114,"column":null}},"41":{"start":{"line":112,"column":6},"end":{"line":112,"column":null}},"42":{"start":{"line":113,"column":6},"end":{"line":113,"column":null}},"43":{"start":{"line":116,"column":10},"end":{"line":116,"column":null}},"44":{"start":{"line":117,"column":10},"end":{"line":117,"column":null}},"45":{"start":{"line":119,"column":27},"end":{"line":123,"column":null}},"46":{"start":{"line":120,"column":20},"end":{"line":120,"column":null}},"47":{"start":{"line":121,"column":6},"end":{"line":121,"column":null}},"48":{"start":{"line":122,"column":6},"end":{"line":122,"column":null}},"49":{"start":{"line":125,"column":22},"end":{"line":125,"column":null}},"50":{"start":{"line":126,"column":36},"end":{"line":158,"column":null}},"51":{"start":{"line":160,"column":4},"end":{"line":160,"column":null}},"52":{"start":{"line":163,"column":21},"end":{"line":411,"column":null}},"53":{"start":{"line":164,"column":4},"end":{"line":410,"column":null}},"54":{"start":{"line":166,"column":8},"end":{"line":230,"column":null}},"55":{"start":{"line":175,"column":18},"end":{"line":178,"column":null}},"56":{"start":{"line":192,"column":18},"end":{"line":195,"column":null}},"57":{"start":{"line":206,"column":18},"end":{"line":209,"column":null}},"58":{"start":{"line":221,"column":18},"end":{"line":224,"column":null}},"59":{"start":{"line":234,"column":8},"end":{"line":268,"column":null}},"60":{"start":{"line":245,"column":18},"end":{"line":260,"column":null}},"61":{"start":{"line":248,"column":22},"end":{"line":248,"column":null}},"62":{"start":{"line":272,"column":8},"end":{"line":306,"column":null}},"63":{"start":{"line":283,"column":18},"end":{"line":298,"column":null}},"64":{"start":{"line":286,"column":22},"end":{"line":286,"column":null}},"65":{"start":{"line":310,"column":8},"end":{"line":344,"column":null}},"66":{"start":{"line":318,"column":30},"end":{"line":318,"column":null}},"67":{"start":{"line":319,"column":16},"end":{"line":340,"column":null}},"68":{"start":{"line":330,"column":24},"end":{"line":336,"column":null}},"69":{"start":{"line":348,"column":8},"end":{"line":359,"column":null}},"70":{"start":{"line":363,"column":8},"end":{"line":374,"column":null}},"71":{"start":{"line":378,"column":8},"end":{"line":405,"column":null}},"72":{"start":{"line":398,"column":20},"end":{"line":400,"column":null}},"73":{"start":{"line":409,"column":8},"end":{"line":409,"column":null}},"74":{"start":{"line":413,"column":2},"end":{"line":430,"column":null}},"75":{"start":{"line":414,"column":4},"end":{"line":428,"column":null}},"76":{"start":{"line":432,"column":2},"end":{"line":495,"column":null}},"77":{"start":{"line":437,"column":12},"end":{"line":442,"column":null}}},"fnMap":{"0":{"name":"(anonymous_0)","decl":{"start":{"line":21,"column":67},"end":{"line":21,"column":68}},"loc":{"start":{"line":25,"column":6},"end":{"line":497,"column":null}},"line":25},"1":{"name":"(anonymous_1)","decl":{"start":{"line":27,"column":36},"end":{"line":27,"column":42}},"loc":{"start":{"line":27,"column":42},"end":{"line":33,"column":5}},"line":27},"2":{"name":"(anonymous_2)","decl":{"start":{"line":29,"column":40},"end":{"line":29,"column":41}},"loc":{"start":{"line":29,"column":55},"end":{"line":32,"column":7}},"line":29},"3":{"name":"(anonymous_3)","decl":{"start":{"line":41,"column":53},"end":{"line":41,"column":60}},"loc":{"start":{"line":41,"column":60},"end":{"line":49,"column":4}},"line":41},"4":{"name":"(anonymous_4)","decl":{"start":{"line":51,"column":12},"end":{"line":51,"column":18}},"loc":{"start":{"line":51,"column":18},"end":{"line":62,"column":5}},"line":51},"5":{"name":"(anonymous_5)","decl":{"start":{"line":64,"column":12},"end":{"line":64,"column":18}},"loc":{"start":{"line":64,"column":18},"end":{"line":81,"column":5}},"line":64},"6":{"name":"loadData","decl":{"start":{"line":65,"column":19},"end":{"line":65,"column":30}},"loc":{"start":{"line":65,"column":30},"end":{"line":79,"column":null}},"line":65},"7":{"name":"(anonymous_7)","decl":{"start":{"line":95,"column":37},"end":{"line":95,"column":38}},"loc":{"start":{"line":95,"column":46},"end":{"line":95,"column":78}},"line":95},"8":{"name":"(anonymous_8)","decl":{"start":{"line":96,"column":39},"end":{"line":96,"column":40}},"loc":{"start":{"line":96,"column":49},"end":{"line":96,"column":84}},"line":96},"9":{"name":"(anonymous_9)","decl":{"start":{"line":98,"column":21},"end":{"line":98,"column":27}},"loc":{"start":{"line":98,"column":27},"end":{"line":102,"column":null}},"line":98},"10":{"name":"(anonymous_10)","decl":{"start":{"line":104,"column":25},"end":{"line":104,"column":31}},"loc":{"start":{"line":104,"column":31},"end":{"line":108,"column":null}},"line":104},"11":{"name":"(anonymous_11)","decl":{"start":{"line":110,"column":25},"end":{"line":110,"column":31}},"loc":{"start":{"line":110,"column":31},"end":{"line":161,"column":null}},"line":110},"12":{"name":"(anonymous_12)","decl":{"start":{"line":119,"column":56},"end":{"line":119,"column":57}},"loc":{"start":{"line":119,"column":71},"end":{"line":123,"column":7}},"line":119},"13":{"name":"(anonymous_13)","decl":{"start":{"line":163,"column":21},"end":{"line":163,"column":27}},"loc":{"start":{"line":163,"column":27},"end":{"line":411,"column":null}},"line":163},"14":{"name":"(anonymous_14)","decl":{"start":{"line":174,"column":26},"end":{"line":174,"column":27}},"loc":{"start":{"line":175,"column":18},"end":{"line":178,"column":null}},"line":175},"15":{"name":"(anonymous_15)","decl":{"start":{"line":191,"column":26},"end":{"line":191,"column":27}},"loc":{"start":{"line":192,"column":18},"end":{"line":195,"column":null}},"line":192},"16":{"name":"(anonymous_16)","decl":{"start":{"line":205,"column":26},"end":{"line":205,"column":27}},"loc":{"start":{"line":206,"column":18},"end":{"line":209,"column":null}},"line":206},"17":{"name":"(anonymous_17)","decl":{"start":{"line":220,"column":26},"end":{"line":220,"column":27}},"loc":{"start":{"line":221,"column":18},"end":{"line":224,"column":null}},"line":221},"18":{"name":"(anonymous_18)","decl":{"start":{"line":244,"column":29},"end":{"line":244,"column":30}},"loc":{"start":{"line":245,"column":18},"end":{"line":260,"column":null}},"line":245},"19":{"name":"(anonymous_19)","decl":{"start":{"line":247,"column":29},"end":{"line":247,"column":null}},"loc":{"start":{"line":248,"column":22},"end":{"line":248,"column":null}},"line":248},"20":{"name":"(anonymous_20)","decl":{"start":{"line":282,"column":29},"end":{"line":282,"column":30}},"loc":{"start":{"line":283,"column":18},"end":{"line":298,"column":null}},"line":283},"21":{"name":"(anonymous_21)","decl":{"start":{"line":285,"column":29},"end":{"line":285,"column":null}},"loc":{"start":{"line":286,"column":22},"end":{"line":286,"column":null}},"line":286},"22":{"name":"(anonymous_22)","decl":{"start":{"line":317,"column":42},"end":{"line":317,"column":43}},"loc":{"start":{"line":317,"column":57},"end":{"line":342,"column":15}},"line":317},"23":{"name":"(anonymous_23)","decl":{"start":{"line":329,"column":32},"end":{"line":329,"column":33}},"loc":{"start":{"line":330,"column":24},"end":{"line":336,"column":null}},"line":330},"24":{"name":"(anonymous_24)","decl":{"start":{"line":397,"column":46},"end":{"line":397,"column":47}},"loc":{"start":{"line":398,"column":20},"end":{"line":400,"column":null}},"line":398},"25":{"name":"(anonymous_25)","decl":{"start":{"line":436,"column":21},"end":{"line":436,"column":22}},"loc":{"start":{"line":437,"column":12},"end":{"line":442,"column":null}},"line":437}},"branchMap":{"0":{"loc":{"start":{"line":28,"column":4},"end":{"line":28,"column":null}},"type":"if","locations":[{"start":{"line":28,"column":4},"end":{"line":28,"column":null}},{"start":{},"end":{}}],"line":28},"1":{"loc":{"start":{"line":99,"column":4},"end":{"line":101,"column":null}},"type":"if","locations":[{"start":{"line":99,"column":4},"end":{"line":101,"column":null}},{"start":{},"end":{}}],"line":99},"2":{"loc":{"start":{"line":105,"column":4},"end":{"line":107,"column":null}},"type":"if","locations":[{"start":{"line":105,"column":4},"end":{"line":107,"column":null}},{"start":{},"end":{}}],"line":105},"3":{"loc":{"start":{"line":111,"column":4},"end":{"line":114,"column":null}},"type":"if","locations":[{"start":{"line":111,"column":4},"end":{"line":114,"column":null}},{"start":{},"end":{}}],"line":111},"4":{"loc":{"start":{"line":120,"column":20},"end":{"line":120,"column":null}},"type":"binary-expr","locations":[{"start":{"line":120,"column":20},"end":{"line":120,"column":61}},{"start":{"line":120,"column":61},"end":{"line":120,"column":null}}],"line":120},"5":{"loc":{"start":{"line":132,"column":17},"end":{"line":132,"column":null}},"type":"binary-expr","locations":[{"start":{"line":132,"column":17},"end":{"line":132,"column":40}},{"start":{"line":132,"column":40},"end":{"line":132,"column":null}}],"line":132},"6":{"loc":{"start":{"line":133,"column":19},"end":{"line":135,"column":null}},"type":"cond-expr","locations":[{"start":{"line":134,"column":10},"end":{"line":134,"column":null}},{"start":{"line":135,"column":10},"end":{"line":135,"column":null}}],"line":133},"7":{"loc":{"start":{"line":136,"column":20},"end":{"line":136,"column":null}},"type":"binary-expr","locations":[{"start":{"line":136,"column":20},"end":{"line":136,"column":50}},{"start":{"line":136,"column":50},"end":{"line":136,"column":null}}],"line":136},"8":{"loc":{"start":{"line":137,"column":19},"end":{"line":137,"column":null}},"type":"binary-expr","locations":[{"start":{"line":137,"column":19},"end":{"line":137,"column":48}},{"start":{"line":137,"column":48},"end":{"line":137,"column":null}}],"line":137},"9":{"loc":{"start":{"line":145,"column":13},"end":{"line":145,"column":null}},"type":"binary-expr","locations":[{"start":{"line":145,"column":13},"end":{"line":145,"column":39}},{"start":{"line":145,"column":39},"end":{"line":145,"column":null}}],"line":145},"10":{"loc":{"start":{"line":164,"column":4},"end":{"line":410,"column":null}},"type":"switch","locations":[{"start":{"line":165,"column":6},"end":{"line":230,"column":null}},{"start":{"line":233,"column":6},"end":{"line":268,"column":null}},{"start":{"line":271,"column":6},"end":{"line":306,"column":null}},{"start":{"line":309,"column":6},"end":{"line":344,"column":null}},{"start":{"line":347,"column":6},"end":{"line":359,"column":null}},{"start":{"line":362,"column":6},"end":{"line":374,"column":null}},{"start":{"line":377,"column":6},"end":{"line":405,"column":null}},{"start":{"line":408,"column":6},"end":{"line":409,"column":null}}],"line":164},"11":{"loc":{"start":{"line":240,"column":13},"end":{"line":266,"column":null}},"type":"cond-expr","locations":[{"start":{"line":241,"column":14},"end":{"line":241,"column":null}},{"start":{"line":242,"column":16},"end":{"line":266,"column":null}}],"line":240},"12":{"loc":{"start":{"line":242,"column":16},"end":{"line":266,"column":null}},"type":"cond-expr","locations":[{"start":{"line":243,"column":14},"end":{"line":262,"column":null}},{"start":{"line":264,"column":14},"end":{"line":266,"column":null}}],"line":242},"13":{"loc":{"start":{"line":251,"column":22},"end":{"line":253,"column":null}},"type":"cond-expr","locations":[{"start":{"line":252,"column":26},"end":{"line":252,"column":null}},{"start":{"line":253,"column":26},"end":{"line":253,"column":null}}],"line":251},"14":{"loc":{"start":{"line":278,"column":13},"end":{"line":304,"column":null}},"type":"cond-expr","locations":[{"start":{"line":279,"column":14},"end":{"line":279,"column":null}},{"start":{"line":280,"column":16},"end":{"line":304,"column":null}}],"line":278},"15":{"loc":{"start":{"line":280,"column":16},"end":{"line":304,"column":null}},"type":"cond-expr","locations":[{"start":{"line":281,"column":14},"end":{"line":300,"column":null}},{"start":{"line":302,"column":14},"end":{"line":304,"column":null}}],"line":280},"16":{"loc":{"start":{"line":289,"column":22},"end":{"line":291,"column":null}},"type":"cond-expr","locations":[{"start":{"line":290,"column":26},"end":{"line":290,"column":null}},{"start":{"line":291,"column":26},"end":{"line":291,"column":null}}],"line":289},"17":{"loc":{"start":{"line":318,"column":30},"end":{"line":318,"column":null}},"type":"binary-expr","locations":[{"start":{"line":318,"column":30},"end":{"line":318,"column":76}},{"start":{"line":318,"column":76},"end":{"line":318,"column":null}}],"line":318},"18":{"loc":{"start":{"line":383,"column":40},"end":{"line":383,"column":null}},"type":"binary-expr","locations":[{"start":{"line":383,"column":40},"end":{"line":383,"column":62}},{"start":{"line":383,"column":62},"end":{"line":383,"column":null}}],"line":383},"19":{"loc":{"start":{"line":386,"column":41},"end":{"line":386,"column":null}},"type":"binary-expr","locations":[{"start":{"line":386,"column":41},"end":{"line":386,"column":64}},{"start":{"line":386,"column":64},"end":{"line":386,"column":null}}],"line":386},"20":{"loc":{"start":{"line":389,"column":40},"end":{"line":389,"column":null}},"type":"binary-expr","locations":[{"start":{"line":389,"column":40},"end":{"line":389,"column":65}},{"start":{"line":389,"column":65},"end":{"line":389,"column":null}}],"line":389},"21":{"loc":{"start":{"line":399,"column":41},"end":{"line":399,"column":null}},"type":"binary-expr","locations":[{"start":{"line":399,"column":41},"end":{"line":399,"column":87}},{"start":{"line":399,"column":87},"end":{"line":399,"column":null}}],"line":399},"22":{"loc":{"start":{"line":413,"column":2},"end":{"line":430,"column":null}},"type":"if","locations":[{"start":{"line":413,"column":2},"end":{"line":430,"column":null}},{"start":{},"end":{}}],"line":413},"23":{"loc":{"start":{"line":440,"column":16},"end":{"line":440,"column":null}},"type":"cond-expr","locations":[{"start":{"line":440,"column":44},"end":{"line":440,"column":59}},{"start":{"line":440,"column":59},"end":{"line":440,"column":null}}],"line":440},"24":{"loc":{"start":{"line":451,"column":9},"end":{"line":454,"column":null}},"type":"binary-expr","locations":[{"start":{"line":451,"column":9},"end":{"line":451,"column":null}},{"start":{"line":452,"column":10},"end":{"line":454,"column":null}}],"line":451},"25":{"loc":{"start":{"line":477,"column":11},"end":{"line":491,"column":null}},"type":"cond-expr","locations":[{"start":{"line":478,"column":12},"end":{"line":483,"column":null}},{"start":{"line":485,"column":12},"end":{"line":491,"column":null}}],"line":477}},"s":{"0":4,"1":173,"2":173,"3":18,"4":1,"5":17,"6":102,"7":102,"8":173,"9":173,"10":173,"11":173,"12":173,"13":173,"14":18,"15":173,"16":18,"17":18,"18":173,"19":18,"20":18,"21":18,"22":11,"23":11,"24":1,"25":12,"26":18,"27":173,"28":173,"29":173,"30":746,"31":173,"32":659,"33":173,"34":79,"35":79,"36":173,"37":1,"38":1,"39":173,"40":13,"41":0,"42":0,"43":13,"44":13,"45":13,"46":78,"47":78,"48":78,"49":13,"50":13,"51":13,"52":173,"53":171,"54":78,"55":26,"56":7,"57":0,"58":0,"59":19,"60":134,"61":4,"62":17,"63":101,"64":4,"65":17,"66":102,"67":102,"68":4,"69":14,"70":13,"71":13,"72":78,"73":0,"74":173,"75":2,"76":171,"77":1197},"f":{"0":173,"1":18,"2":102,"3":18,"4":18,"5":18,"6":18,"7":746,"8":659,"9":79,"10":1,"11":13,"12":78,"13":171,"14":26,"15":7,"16":0,"17":0,"18":134,"19":4,"20":101,"21":4,"22":102,"23":4,"24":78,"25":1197},"b":{"0":[1,17],"1":[79,0],"2":[1,0],"3":[0,13],"4":[78,0],"5":[13,9],"6":[4,9],"7":[13,13],"8":[13,13],"9":[13,9],"10":[78,19,17,17,14,13,13,0],"11":[5,14],"12":[13,1],"13":[4,130],"14":[3,14],"15":[13,1],"16":[4,97],"17":[102,0],"18":[13,1],"19":[13,9],"20":[13,9],"21":[78,0],"22":[2,171],"23":[474,723],"24":[171,7],"25":[13,158]},"meta":{"lastBranch":26,"lastFunction":26,"lastStatement":78,"seen":{"s:21:67:497:Infinity":0,"f:21:67:21:68":0,"s:26:8:26:Infinity":1,"s:27:8:33:Infinity":2,"f:27:36:27:42":1,"b:28:4:28:Infinity:undefined:undefined:undefined:undefined":0,"s:28:4:28:Infinity":3,"s:28:21:28:Infinity":4,"s:29:4:32:Infinity":5,"f:29:40:29:41":2,"s:30:6:30:Infinity":6,"s:31:6:31:Infinity":7,"s:35:36:35:Infinity":8,"s:36:28:36:Infinity":9,"s:37:28:37:Infinity":10,"s:38:28:38:Infinity":11,"s:39:24:39:Infinity":12,"s:41:40:49:Infinity":13,"f:41:53:41:60":3,"s:41:60:49:4":14,"s:51:2:62:Infinity":15,"f:51:12:51:18":4,"s:52:4:60:Infinity":16,"s:61:4:61:Infinity":17,"s:64:2:81:Infinity":18,"f:64:12:64:18":5,"f:65:19:65:30":6,"s:66:6:66:Infinity":19,"s:67:6:78:Infinity":20,"s:68:41:71:Infinity":21,"s:72:8:72:Infinity":22,"s:73:8:73:Infinity":23,"s:75:8:75:Infinity":24,"s:77:8:77:Infinity":25,"s:80:4:80:Infinity":26,"s:83:32:91:Infinity":27,"s:93:27:93:Infinity":28,"s:95:24:95:Infinity":29,"f:95:37:95:38":7,"s:95:46:95:78":30,"s:96:26:96:Infinity":31,"f:96:39:96:40":8,"s:96:49:96:84":32,"s:98:21:102:Infinity":33,"f:98:21:98:27":9,"b:99:4:101:Infinity:undefined:undefined:undefined:undefined":1,"s:99:4:101:Infinity":34,"s:100:6:100:Infinity":35,"s:104:25:108:Infinity":36,"f:104:25:104:31":10,"b:105:4:107:Infinity:undefined:undefined:undefined:undefined":2,"s:105:4:107:Infinity":37,"s:106:6:106:Infinity":38,"s:110:25:161:Infinity":39,"f:110:25:110:31":11,"b:111:4:114:Infinity:undefined:undefined:undefined:undefined":3,"s:111:4:114:Infinity":40,"s:112:6:112:Infinity":41,"s:113:6:113:Infinity":42,"s:116:10:116:Infinity":43,"s:117:10:117:Infinity":44,"s:119:27:123:Infinity":45,"f:119:56:119:57":12,"s:120:20:120:Infinity":46,"b:120:20:120:61:120:61:120:Infinity":4,"s:121:6:121:Infinity":47,"s:122:6:122:Infinity":48,"s:125:22:125:Infinity":49,"s:126:36:158:Infinity":50,"b:132:17:132:40:132:40:132:Infinity":5,"b:134:10:134:Infinity:135:10:135:Infinity":6,"b:136:20:136:50:136:50:136:Infinity":7,"b:137:19:137:48:137:48:137:Infinity":8,"b:145:13:145:39:145:39:145:Infinity":9,"s:160:4:160:Infinity":51,"s:163:21:411:Infinity":52,"f:163:21:163:27":13,"b:165:6:230:Infinity:233:6:268:Infinity:271:6:306:Infinity:309:6:344:Infinity:347:6:359:Infinity:362:6:374:Infinity:377:6:405:Infinity:408:6:409:Infinity":10,"s:164:4:410:Infinity":53,"s:166:8:230:Infinity":54,"f:174:26:174:27":14,"s:175:18:178:Infinity":55,"f:191:26:191:27":15,"s:192:18:195:Infinity":56,"f:205:26:205:27":16,"s:206:18:209:Infinity":57,"f:220:26:220:27":17,"s:221:18:224:Infinity":58,"s:234:8:268:Infinity":59,"b:241:14:241:Infinity:242:16:266:Infinity":11,"b:243:14:262:Infinity:264:14:266:Infinity":12,"f:244:29:244:30":18,"s:245:18:260:Infinity":60,"f:247:29:247:Infinity":19,"s:248:22:248:Infinity":61,"b:252:26:252:Infinity:253:26:253:Infinity":13,"s:272:8:306:Infinity":62,"b:279:14:279:Infinity:280:16:304:Infinity":14,"b:281:14:300:Infinity:302:14:304:Infinity":15,"f:282:29:282:30":20,"s:283:18:298:Infinity":63,"f:285:29:285:Infinity":21,"s:286:22:286:Infinity":64,"b:290:26:290:Infinity:291:26:291:Infinity":16,"s:310:8:344:Infinity":65,"f:317:42:317:43":22,"s:318:30:318:Infinity":66,"b:318:30:318:76:318:76:318:Infinity":17,"s:319:16:340:Infinity":67,"f:329:32:329:33":23,"s:330:24:336:Infinity":68,"s:348:8:359:Infinity":69,"s:363:8:374:Infinity":70,"s:378:8:405:Infinity":71,"b:383:40:383:62:383:62:383:Infinity":18,"b:386:41:386:64:386:64:386:Infinity":19,"b:389:40:389:65:389:65:389:Infinity":20,"f:397:46:397:47":24,"s:398:20:400:Infinity":72,"b:399:41:399:87:399:87:399:Infinity":21,"s:409:8:409:Infinity":73,"b:413:2:430:Infinity:undefined:undefined:undefined:undefined":22,"s:413:2:430:Infinity":74,"s:414:4:428:Infinity":75,"s:432:2:495:Infinity":76,"f:436:21:436:22":25,"s:437:12:442:Infinity":77,"b:440:44:440:59:440:59:440:Infinity":23,"b:451:9:451:Infinity:452:10:454:Infinity":24,"b:478:12:483:Infinity:485:12:491:Infinity":25}}}
,"/home/weningerii/CascadeProjects/windsurf-project/src/components/CharacterSheet.tsx": {"path":"/home/weningerii/CascadeProjects/windsurf-project/src/components/CharacterSheet.tsx","statementMap":{"0":{"start":{"line":17,"column":61},"end":{"line":373,"column":null}},"1":{"start":{"line":22,"column":23},"end":{"line":25,"column":null}},"2":{"start":{"line":23,"column":19},"end":{"line":23,"column":null}},"3":{"start":{"line":24,"column":4},"end":{"line":24,"column":null}},"4":{"start":{"line":27,"column":26},"end":{"line":35,"column":null}},"5":{"start":{"line":28,"column":4},"end":{"line":34,"column":null}},"6":{"start":{"line":37,"column":8},"end":{"line":37,"column":null}},"7":{"start":{"line":39,"column":22},"end":{"line":44,"column":null}},"8":{"start":{"line":40,"column":4},"end":{"line":43,"column":null}},"9":{"start":{"line":46,"column":2},"end":{"line":371,"column":null}},"10":{"start":{"line":63,"column":33},"end":{"line":63,"column":null}},"11":{"start":{"line":74,"column":18},"end":{"line":74,"column":null}},"12":{"start":{"line":85,"column":33},"end":{"line":85,"column":null}},"13":{"start":{"line":93,"column":55},"end":{"line":93,"column":65}},"14":{"start":{"line":95,"column":34},"end":{"line":95,"column":null}},"15":{"start":{"line":96,"column":18},"end":{"line":100,"column":null}},"16":{"start":{"line":97,"column":20},"end":{"line":97,"column":null}},"17":{"start":{"line":99,"column":20},"end":{"line":99,"column":null}},"18":{"start":{"line":110,"column":33},"end":{"line":110,"column":null}},"19":{"start":{"line":119,"column":33},"end":{"line":119,"column":null}},"20":{"start":{"line":135,"column":28},"end":{"line":135,"column":null}},"21":{"start":{"line":136,"column":20},"end":{"line":136,"column":null}},"22":{"start":{"line":137,"column":14},"end":{"line":166,"column":null}},"23":{"start":{"line":151,"column":22},"end":{"line":151,"column":null}},"24":{"start":{"line":187,"column":18},"end":{"line":190,"column":null}},"25":{"start":{"line":202,"column":18},"end":{"line":205,"column":null}},"26":{"start":{"line":217,"column":18},"end":{"line":220,"column":null}},"27":{"start":{"line":232,"column":18},"end":{"line":232,"column":null}},"28":{"start":{"line":244,"column":18},"end":{"line":244,"column":null}},"29":{"start":{"line":256,"column":18},"end":{"line":256,"column":null}},"30":{"start":{"line":279,"column":34},"end":{"line":279,"column":null}},"31":{"start":{"line":280,"column":22},"end":{"line":280,"column":null}},"32":{"start":{"line":281,"column":41},"end":{"line":281,"column":null}},"33":{"start":{"line":282,"column":37},"end":{"line":282,"column":null}},"34":{"start":{"line":283,"column":36},"end":{"line":283,"column":null}},"35":{"start":{"line":284,"column":34},"end":{"line":284,"column":null}},"36":{"start":{"line":285,"column":30},"end":{"line":285,"column":null}},"37":{"start":{"line":286,"column":35},"end":{"line":286,"column":null}},"38":{"start":{"line":289,"column":34},"end":{"line":289,"column":null}},"39":{"start":{"line":291,"column":42},"end":{"line":307,"column":null}},"40":{"start":{"line":292,"column":39},"end":{"line":292,"column":null}},"41":{"start":{"line":293,"column":70},"end":{"line":293,"column":null}},"42":{"start":{"line":295,"column":18},"end":{"line":301,"column":null}},"43":{"start":{"line":296,"column":20},"end":{"line":296,"column":null}},"44":{"start":{"line":297,"column":18},"end":{"line":301,"column":null}},"45":{"start":{"line":298,"column":20},"end":{"line":298,"column":null}},"46":{"start":{"line":300,"column":20},"end":{"line":300,"column":null}},"47":{"start":{"line":303,"column":18},"end":{"line":306,"column":null}},"48":{"start":{"line":309,"column":16},"end":{"line":349,"column":null}},"49":{"start":{"line":335,"column":28},"end":{"line":338,"column":null}},"50":{"start":{"line":365,"column":29},"end":{"line":365,"column":null}}},"fnMap":{"0":{"name":"(anonymous_0)","decl":{"start":{"line":17,"column":61},"end":{"line":17,"column":62}},"loc":{"start":{"line":21,"column":6},"end":{"line":373,"column":null}},"line":21},"1":{"name":"(anonymous_1)","decl":{"start":{"line":22,"column":23},"end":{"line":22,"column":24}},"loc":{"start":{"line":22,"column":60},"end":{"line":25,"column":null}},"line":22},"2":{"name":"(anonymous_2)","decl":{"start":{"line":27,"column":26},"end":{"line":27,"column":27}},"loc":{"start":{"line":27,"column":66},"end":{"line":35,"column":null}},"line":27},"3":{"name":"(anonymous_3)","decl":{"start":{"line":39,"column":22},"end":{"line":39,"column":23}},"loc":{"start":{"line":39,"column":62},"end":{"line":44,"column":null}},"line":39},"4":{"name":"(anonymous_4)","decl":{"start":{"line":63,"column":26},"end":{"line":63,"column":27}},"loc":{"start":{"line":63,"column":33},"end":{"line":63,"column":null}},"line":63},"5":{"name":"(anonymous_5)","decl":{"start":{"line":73,"column":26},"end":{"line":73,"column":27}},"loc":{"start":{"line":74,"column":18},"end":{"line":74,"column":null}},"line":74},"6":{"name":"(anonymous_6)","decl":{"start":{"line":85,"column":26},"end":{"line":85,"column":27}},"loc":{"start":{"line":85,"column":33},"end":{"line":85,"column":null}},"line":85},"7":{"name":"(anonymous_7)","decl":{"start":{"line":93,"column":49},"end":{"line":93,"column":55}},"loc":{"start":{"line":93,"column":55},"end":{"line":93,"column":65}},"line":93},"8":{"name":"(anonymous_8)","decl":{"start":{"line":94,"column":26},"end":{"line":94,"column":27}},"loc":{"start":{"line":94,"column":33},"end":{"line":101,"column":null}},"line":94},"9":{"name":"(anonymous_9)","decl":{"start":{"line":110,"column":26},"end":{"line":110,"column":27}},"loc":{"start":{"line":110,"column":33},"end":{"line":110,"column":null}},"line":110},"10":{"name":"(anonymous_10)","decl":{"start":{"line":119,"column":26},"end":{"line":119,"column":27}},"loc":{"start":{"line":119,"column":33},"end":{"line":119,"column":null}},"line":119},"11":{"name":"(anonymous_11)","decl":{"start":{"line":134,"column":39},"end":{"line":134,"column":40}},"loc":{"start":{"line":134,"column":49},"end":{"line":168,"column":13}},"line":134},"12":{"name":"(anonymous_12)","decl":{"start":{"line":150,"column":30},"end":{"line":150,"column":31}},"loc":{"start":{"line":151,"column":22},"end":{"line":151,"column":null}},"line":151},"13":{"name":"(anonymous_13)","decl":{"start":{"line":186,"column":26},"end":{"line":186,"column":27}},"loc":{"start":{"line":187,"column":18},"end":{"line":190,"column":null}},"line":187},"14":{"name":"(anonymous_14)","decl":{"start":{"line":201,"column":26},"end":{"line":201,"column":27}},"loc":{"start":{"line":202,"column":18},"end":{"line":205,"column":null}},"line":202},"15":{"name":"(anonymous_15)","decl":{"start":{"line":216,"column":26},"end":{"line":216,"column":27}},"loc":{"start":{"line":217,"column":18},"end":{"line":220,"column":null}},"line":217},"16":{"name":"(anonymous_16)","decl":{"start":{"line":231,"column":26},"end":{"line":231,"column":27}},"loc":{"start":{"line":232,"column":18},"end":{"line":232,"column":null}},"line":232},"17":{"name":"(anonymous_17)","decl":{"start":{"line":243,"column":26},"end":{"line":243,"column":27}},"loc":{"start":{"line":244,"column":18},"end":{"line":244,"column":null}},"line":244},"18":{"name":"(anonymous_18)","decl":{"start":{"line":255,"column":26},"end":{"line":255,"column":27}},"loc":{"start":{"line":256,"column":18},"end":{"line":256,"column":null}},"line":256},"19":{"name":"(anonymous_19)","decl":{"start":{"line":278,"column":37},"end":{"line":278,"column":38}},"loc":{"start":{"line":278,"column":48},"end":{"line":351,"column":15}},"line":278},"20":{"name":"(anonymous_20)","decl":{"start":{"line":291,"column":42},"end":{"line":291,"column":48}},"loc":{"start":{"line":291,"column":48},"end":{"line":307,"column":null}},"line":291},"21":{"name":"(anonymous_21)","decl":{"start":{"line":334,"column":36},"end":{"line":334,"column":37}},"loc":{"start":{"line":335,"column":28},"end":{"line":338,"column":null}},"line":335},"22":{"name":"(anonymous_22)","decl":{"start":{"line":365,"column":22},"end":{"line":365,"column":23}},"loc":{"start":{"line":365,"column":29},"end":{"line":365,"column":null}},"line":365}},"branchMap":{"0":{"loc":{"start":{"line":24,"column":11},"end":{"line":24,"column":null}},"type":"cond-expr","locations":[{"start":{"line":24,"column":34},"end":{"line":24,"column":45}},{"start":{"line":24,"column":45},"end":{"line":24,"column":null}}],"line":24},"1":{"loc":{"start":{"line":84,"column":23},"end":{"line":84,"column":null}},"type":"binary-expr","locations":[{"start":{"line":84,"column":23},"end":{"line":84,"column":46}},{"start":{"line":84,"column":46},"end":{"line":84,"column":null}}],"line":84},"2":{"loc":{"start":{"line":95,"column":34},"end":{"line":95,"column":null}},"type":"binary-expr","locations":[{"start":{"line":95,"column":34},"end":{"line":95,"column":74}},{"start":{"line":95,"column":74},"end":{"line":95,"column":null}}],"line":95},"3":{"loc":{"start":{"line":96,"column":18},"end":{"line":100,"column":null}},"type":"if","locations":[{"start":{"line":96,"column":18},"end":{"line":100,"column":null}},{"start":{"line":98,"column":25},"end":{"line":100,"column":null}}],"line":96},"4":{"loc":{"start":{"line":109,"column":23},"end":{"line":109,"column":null}},"type":"binary-expr","locations":[{"start":{"line":109,"column":23},"end":{"line":109,"column":49}},{"start":{"line":109,"column":49},"end":{"line":109,"column":null}}],"line":109},"5":{"loc":{"start":{"line":118,"column":23},"end":{"line":118,"column":null}},"type":"binary-expr","locations":[{"start":{"line":118,"column":23},"end":{"line":118,"column":48}},{"start":{"line":118,"column":48},"end":{"line":118,"column":null}}],"line":118},"6":{"loc":{"start":{"line":135,"column":28},"end":{"line":135,"column":null}},"type":"binary-expr","locations":[{"start":{"line":135,"column":28},"end":{"line":135,"column":65}},{"start":{"line":135,"column":65},"end":{"line":135,"column":null}}],"line":135},"7":{"loc":{"start":{"line":185,"column":23},"end":{"line":185,"column":null}},"type":"binary-expr","locations":[{"start":{"line":185,"column":23},"end":{"line":185,"column":55}},{"start":{"line":185,"column":55},"end":{"line":185,"column":null}}],"line":185},"8":{"loc":{"start":{"line":200,"column":23},"end":{"line":200,"column":null}},"type":"binary-expr","locations":[{"start":{"line":200,"column":23},"end":{"line":200,"column":51}},{"start":{"line":200,"column":51},"end":{"line":200,"column":null}}],"line":200},"9":{"loc":{"start":{"line":215,"column":23},"end":{"line":215,"column":null}},"type":"binary-expr","locations":[{"start":{"line":215,"column":23},"end":{"line":215,"column":52}},{"start":{"line":215,"column":52},"end":{"line":215,"column":null}}],"line":215},"10":{"loc":{"start":{"line":230,"column":23},"end":{"line":230,"column":null}},"type":"binary-expr","locations":[{"start":{"line":230,"column":23},"end":{"line":230,"column":47}},{"start":{"line":230,"column":47},"end":{"line":230,"column":null}}],"line":230},"11":{"loc":{"start":{"line":242,"column":23},"end":{"line":242,"column":null}},"type":"binary-expr","locations":[{"start":{"line":242,"column":23},"end":{"line":242,"column":42}},{"start":{"line":242,"column":42},"end":{"line":242,"column":null}}],"line":242},"12":{"loc":{"start":{"line":271,"column":7},"end":{"line":354,"column":null}},"type":"binary-expr","locations":[{"start":{"line":271,"column":7},"end":{"line":271,"column":28}},{"start":{"line":271,"column":28},"end":{"line":271,"column":null}},{"start":{"line":272,"column":8},"end":{"line":354,"column":null}}],"line":271},"13":{"loc":{"start":{"line":279,"column":34},"end":{"line":279,"column":null}},"type":"binary-expr","locations":[{"start":{"line":279,"column":34},"end":{"line":279,"column":79}},{"start":{"line":279,"column":79},"end":{"line":279,"column":null}}],"line":279},"14":{"loc":{"start":{"line":282,"column":37},"end":{"line":282,"column":null}},"type":"binary-expr","locations":[{"start":{"line":282,"column":37},"end":{"line":282,"column":81}},{"start":{"line":282,"column":81},"end":{"line":282,"column":null}}],"line":282},"15":{"loc":{"start":{"line":283,"column":36},"end":{"line":283,"column":null}},"type":"binary-expr","locations":[{"start":{"line":283,"column":36},"end":{"line":283,"column":79}},{"start":{"line":283,"column":79},"end":{"line":283,"column":null}}],"line":283},"16":{"loc":{"start":{"line":284,"column":34},"end":{"line":284,"column":null}},"type":"cond-expr","locations":[{"start":{"line":284,"column":50},"end":{"line":284,"column":107}},{"start":{"line":284,"column":107},"end":{"line":284,"column":null}}],"line":284},"17":{"loc":{"start":{"line":284,"column":50},"end":{"line":284,"column":107}},"type":"cond-expr","locations":[{"start":{"line":284,"column":64},"end":{"line":284,"column":87}},{"start":{"line":284,"column":87},"end":{"line":284,"column":107}}],"line":284},"18":{"loc":{"start":{"line":285,"column":30},"end":{"line":285,"column":null}},"type":"binary-expr","locations":[{"start":{"line":285,"column":30},"end":{"line":285,"column":66}},{"start":{"line":285,"column":66},"end":{"line":285,"column":null}}],"line":285},"19":{"loc":{"start":{"line":289,"column":34},"end":{"line":289,"column":null}},"type":"binary-expr","locations":[{"start":{"line":289,"column":34},"end":{"line":289,"column":69}},{"start":{"line":289,"column":69},"end":{"line":289,"column":null}}],"line":289},"20":{"loc":{"start":{"line":295,"column":18},"end":{"line":301,"column":null}},"type":"if","locations":[{"start":{"line":295,"column":18},"end":{"line":301,"column":null}},{"start":{"line":297,"column":18},"end":{"line":301,"column":null}}],"line":295},"21":{"loc":{"start":{"line":295,"column":22},"end":{"line":295,"column":64}},"type":"binary-expr","locations":[{"start":{"line":295,"column":22},"end":{"line":295,"column":39}},{"start":{"line":295,"column":39},"end":{"line":295,"column":64}}],"line":295},"22":{"loc":{"start":{"line":297,"column":18},"end":{"line":301,"column":null}},"type":"if","locations":[{"start":{"line":297,"column":18},"end":{"line":301,"column":null}},{"start":{"line":299,"column":25},"end":{"line":301,"column":null}}],"line":297},"23":{"loc":{"start":{"line":305,"column":32},"end":{"line":305,"column":null}},"type":"cond-expr","locations":[{"start":{"line":305,"column":54},"end":{"line":305,"column":66}},{"start":{"line":305,"column":66},"end":{"line":305,"column":null}}],"line":305},"24":{"loc":{"start":{"line":321,"column":27},"end":{"line":321,"column":null}},"type":"cond-expr","locations":[{"start":{"line":321,"column":41},"end":{"line":321,"column":48}},{"start":{"line":321,"column":48},"end":{"line":321,"column":null}}],"line":321},"25":{"loc":{"start":{"line":321,"column":48},"end":{"line":321,"column":null}},"type":"cond-expr","locations":[{"start":{"line":321,"column":63},"end":{"line":321,"column":69}},{"start":{"line":321,"column":69},"end":{"line":321,"column":null}}],"line":321},"26":{"loc":{"start":{"line":330,"column":23},"end":{"line":343,"column":null}},"type":"binary-expr","locations":[{"start":{"line":330,"column":23},"end":{"line":330,"column":null}},{"start":{"line":331,"column":24},"end":{"line":343,"column":null}}],"line":330},"27":{"loc":{"start":{"line":364,"column":19},"end":{"line":364,"column":null}},"type":"binary-expr","locations":[{"start":{"line":364,"column":19},"end":{"line":364,"column":38}},{"start":{"line":364,"column":38},"end":{"line":364,"column":null}}],"line":364}},"s":{"0":4,"1":36,"2":7,"3":7,"4":36,"5":1,"6":36,"7":36,"8":13,"9":36,"10":1,"11":2,"12":0,"13":20,"14":2,"15":2,"16":1,"17":1,"18":0,"19":0,"20":216,"21":216,"22":216,"23":1,"24":1,"25":0,"26":0,"27":1,"28":1,"29":0,"30":443,"31":443,"32":443,"33":443,"34":443,"35":443,"36":443,"37":443,"38":443,"39":443,"40":3,"41":3,"42":3,"43":1,"44":2,"45":1,"46":1,"47":3,"48":443,"49":1,"50":1},"f":{"0":36,"1":7,"2":1,"3":13,"4":1,"5":2,"6":0,"7":20,"8":2,"9":0,"10":0,"11":216,"12":1,"13":1,"14":0,"15":0,"16":1,"17":1,"18":0,"19":443,"20":3,"21":1,"22":1},"b":{"0":[1,6],"1":[36,16],"2":[2,1],"3":[1,1],"4":[36,36],"5":[36,36],"6":[216,0],"7":[36,0],"8":[36,0],"9":[36,0],"10":[36,0],"11":[36,0],"12":[36,36,35],"13":[443,0],"14":[443,442],"15":[443,442],"16":[2,441],"17":[1,1],"18":[443,443],"19":[443,442],"20":[1,2],"21":[3,2],"22":[1,1],"23":[1,2],"24":[1,442],"25":[1,441],"26":[443,1],"27":[36,36]},"meta":{"lastBranch":28,"lastFunction":23,"lastStatement":51,"seen":{"s:17:61:373:Infinity":0,"f:17:61:17:62":0,"s:22:23:25:Infinity":1,"f:22:23:22:24":1,"s:23:19:23:Infinity":2,"s:24:4:24:Infinity":3,"b:24:34:24:45:24:45:24:Infinity":0,"s:27:26:35:Infinity":4,"f:27:26:27:27":2,"s:28:4:34:Infinity":5,"s:37:8:37:Infinity":6,"s:39:22:44:Infinity":7,"f:39:22:39:23":3,"s:40:4:43:Infinity":8,"s:46:2:371:Infinity":9,"f:63:26:63:27":4,"s:63:33:63:Infinity":10,"f:73:26:73:27":5,"s:74:18:74:Infinity":11,"b:84:23:84:46:84:46:84:Infinity":1,"f:85:26:85:27":6,"s:85:33:85:Infinity":12,"f:93:49:93:55":7,"s:93:55:93:65":13,"f:94:26:94:27":8,"s:95:34:95:Infinity":14,"b:95:34:95:74:95:74:95:Infinity":2,"b:96:18:100:Infinity:98:25:100:Infinity":3,"s:96:18:100:Infinity":15,"s:97:20:97:Infinity":16,"s:99:20:99:Infinity":17,"b:109:23:109:49:109:49:109:Infinity":4,"f:110:26:110:27":9,"s:110:33:110:Infinity":18,"b:118:23:118:48:118:48:118:Infinity":5,"f:119:26:119:27":10,"s:119:33:119:Infinity":19,"f:134:39:134:40":11,"s:135:28:135:Infinity":20,"b:135:28:135:65:135:65:135:Infinity":6,"s:136:20:136:Infinity":21,"s:137:14:166:Infinity":22,"f:150:30:150:31":12,"s:151:22:151:Infinity":23,"b:185:23:185:55:185:55:185:Infinity":7,"f:186:26:186:27":13,"s:187:18:190:Infinity":24,"b:200:23:200:51:200:51:200:Infinity":8,"f:201:26:201:27":14,"s:202:18:205:Infinity":25,"b:215:23:215:52:215:52:215:Infinity":9,"f:216:26:216:27":15,"s:217:18:220:Infinity":26,"b:230:23:230:47:230:47:230:Infinity":10,"f:231:26:231:27":16,"s:232:18:232:Infinity":27,"b:242:23:242:42:242:42:242:Infinity":11,"f:243:26:243:27":17,"s:244:18:244:Infinity":28,"f:255:26:255:27":18,"s:256:18:256:Infinity":29,"b:271:7:271:28:271:28:271:Infinity:272:8:354:Infinity":12,"f:278:37:278:38":19,"s:279:34:279:Infinity":30,"b:279:34:279:79:279:79:279:Infinity":13,"s:280:22:280:Infinity":31,"s:281:41:281:Infinity":32,"s:282:37:282:Infinity":33,"b:282:37:282:81:282:81:282:Infinity":14,"s:283:36:283:Infinity":34,"b:283:36:283:79:283:79:283:Infinity":15,"s:284:34:284:Infinity":35,"b:284:50:284:107:284:107:284:Infinity":16,"b:284:64:284:87:284:87:284:107":17,"s:285:30:285:Infinity":36,"b:285:30:285:66:285:66:285:Infinity":18,"s:286:35:286:Infinity":37,"s:289:34:289:Infinity":38,"b:289:34:289:69:289:69:289:Infinity":19,"s:291:42:307:Infinity":39,"f:291:42:291:48":20,"s:292:39:292:Infinity":40,"s:293:70:293:Infinity":41,"b:295:18:301:Infinity:297:18:301:Infinity":20,"s:295:18:301:Infinity":42,"b:295:22:295:39:295:39:295:64":21,"s:296:20:296:Infinity":43,"b:297:18:301:Infinity:299:25:301:Infinity":22,"s:297:18:301:Infinity":44,"s:298:20:298:Infinity":45,"s:300:20:300:Infinity":46,"s:303:18:306:Infinity":47,"b:305:54:305:66:305:66:305:Infinity":23,"s:309:16:349:Infinity":48,"b:321:41:321:48:321:48:321:Infinity":24,"b:321:63:321:69:321:69:321:Infinity":25,"b:330:23:330:Infinity:331:24:343:Infinity":26,"f:334:36:334:37":21,"s:335:28:338:Infinity":49,"b:364:19:364:38:364:38:364:Infinity":27,"f:365:22:365:23":22,"s:365:29:365:Infinity":50}}}
,"/home/weningerii/CascadeProjects/windsurf-project/src/components/CharacterSheetTabs.tsx": {"path":"/home/weningerii/CascadeProjects/windsurf-project/src/components/CharacterSheetTabs.tsx","statementMap":{"0":{"start":{"line":24,"column":69},"end":{"line":267,"column":null}},"1":{"start":{"line":29,"column":32},"end":{"line":29,"column":null}},"2":{"start":{"line":30,"column":26},"end":{"line":30,"column":null}},"3":{"start":{"line":31,"column":30},"end":{"line":31,"column":null}},"4":{"start":{"line":32,"column":24},"end":{"line":32,"column":null}},"5":{"start":{"line":33,"column":32},"end":{"line":33,"column":null}},"6":{"start":{"line":34,"column":34},"end":{"line":34,"column":null}},"7":{"start":{"line":35,"column":28},"end":{"line":35,"column":null}},"8":{"start":{"line":36,"column":44},"end":{"line":36,"column":null}},"9":{"start":{"line":38,"column":2},"end":{"line":46,"column":null}},"10":{"start":{"line":39,"column":4},"end":{"line":39,"column":null}},"11":{"start":{"line":40,"column":4},"end":{"line":40,"column":null}},"12":{"start":{"line":41,"column":4},"end":{"line":41,"column":null}},"13":{"start":{"line":42,"column":4},"end":{"line":42,"column":null}},"14":{"start":{"line":43,"column":4},"end":{"line":43,"column":null}},"15":{"start":{"line":44,"column":4},"end":{"line":44,"column":null}},"16":{"start":{"line":45,"column":4},"end":{"line":45,"column":null}},"17":{"start":{"line":48,"column":2},"end":{"line":91,"column":null}},"18":{"start":{"line":49,"column":21},"end":{"line":49,"column":null}},"19":{"start":{"line":52,"column":6},"end":{"line":52,"column":null}},"20":{"start":{"line":52,"column":53},"end":{"line":52,"column":null}},"21":{"start":{"line":54,"column":6},"end":{"line":54,"column":null}},"22":{"start":{"line":55,"column":6},"end":{"line":87,"column":null}},"23":{"start":{"line":56,"column":8},"end":{"line":81,"column":null}},"24":{"start":{"line":58,"column":12},"end":{"line":61,"column":null}},"25":{"start":{"line":59,"column":32},"end":{"line":59,"column":null}},"26":{"start":{"line":60,"column":14},"end":{"line":60,"column":null}},"27":{"start":{"line":62,"column":12},"end":{"line":62,"column":null}},"28":{"start":{"line":64,"column":12},"end":{"line":67,"column":null}},"29":{"start":{"line":65,"column":34},"end":{"line":65,"column":null}},"30":{"start":{"line":66,"column":14},"end":{"line":66,"column":null}},"31":{"start":{"line":68,"column":12},"end":{"line":68,"column":null}},"32":{"start":{"line":70,"column":12},"end":{"line":73,"column":null}},"33":{"start":{"line":71,"column":31},"end":{"line":71,"column":null}},"34":{"start":{"line":72,"column":14},"end":{"line":72,"column":null}},"35":{"start":{"line":74,"column":12},"end":{"line":74,"column":null}},"36":{"start":{"line":76,"column":12},"end":{"line":79,"column":null}},"37":{"start":{"line":77,"column":32},"end":{"line":77,"column":null}},"38":{"start":{"line":78,"column":14},"end":{"line":78,"column":null}},"39":{"start":{"line":80,"column":12},"end":{"line":80,"column":null}},"40":{"start":{"line":82,"column":8},"end":{"line":82,"column":null}},"41":{"start":{"line":82,"column":30},"end":{"line":82,"column":53}},"42":{"start":{"line":86,"column":8},"end":{"line":86,"column":null}},"43":{"start":{"line":90,"column":4},"end":{"line":90,"column":null}},"44":{"start":{"line":93,"column":2},"end":{"line":265,"column":null}},"45":{"start":{"line":130,"column":54},"end":{"line":137,"column":14}},"46":{"start":{"line":139,"column":39},"end":{"line":150,"column":null}},"47":{"start":{"line":151,"column":14},"end":{"line":151,"column":null}},"48":{"start":{"line":154,"column":39},"end":{"line":157,"column":null}},"49":{"start":{"line":156,"column":61},"end":{"line":156,"column":80}},"50":{"start":{"line":158,"column":14},"end":{"line":158,"column":null}},"51":{"start":{"line":169,"column":57},"end":{"line":179,"column":16}},"52":{"start":{"line":192,"column":53},"end":{"line":203,"column":16}},"53":{"start":{"line":199,"column":61},"end":{"line":202,"column":18}},"54":{"start":{"line":216,"column":66},"end":{"line":225,"column":16}},"55":{"start":{"line":255,"column":31},"end":{"line":255,"column":null}}},"fnMap":{"0":{"name":"(anonymous_0)","decl":{"start":{"line":24,"column":69},"end":{"line":24,"column":70}},"loc":{"start":{"line":28,"column":6},"end":{"line":267,"column":null}},"line":28},"1":{"name":"(anonymous_1)","decl":{"start":{"line":38,"column":12},"end":{"line":38,"column":18}},"loc":{"start":{"line":38,"column":18},"end":{"line":46,"column":5}},"line":38},"2":{"name":"(anonymous_2)","decl":{"start":{"line":48,"column":12},"end":{"line":48,"column":18}},"loc":{"start":{"line":48,"column":18},"end":{"line":91,"column":5}},"line":48},"3":{"name":"loadTabData","decl":{"start":{"line":51,"column":19},"end":{"line":51,"column":31}},"loc":{"start":{"line":51,"column":44},"end":{"line":88,"column":null}},"line":51},"4":{"name":"(anonymous_4)","decl":{"start":{"line":82,"column":22},"end":{"line":82,"column":30}},"loc":{"start":{"line":82,"column":30},"end":{"line":82,"column":53}},"line":82},"5":{"name":"(anonymous_5)","decl":{"start":{"line":130,"column":43},"end":{"line":130,"column":44}},"loc":{"start":{"line":130,"column":54},"end":{"line":137,"column":14}},"line":130},"6":{"name":"(anonymous_6)","decl":{"start":{"line":138,"column":23},"end":{"line":138,"column":24}},"loc":{"start":{"line":138,"column":33},"end":{"line":152,"column":null}},"line":138},"7":{"name":"(anonymous_7)","decl":{"start":{"line":153,"column":26},"end":{"line":153,"column":27}},"loc":{"start":{"line":153,"column":38},"end":{"line":159,"column":null}},"line":153},"8":{"name":"(anonymous_8)","decl":{"start":{"line":156,"column":54},"end":{"line":156,"column":55}},"loc":{"start":{"line":156,"column":61},"end":{"line":156,"column":80}},"line":156},"9":{"name":"(anonymous_9)","decl":{"start":{"line":169,"column":47},"end":{"line":169,"column":57}},"loc":{"start":{"line":169,"column":57},"end":{"line":179,"column":16}},"line":169},"10":{"name":"(anonymous_10)","decl":{"start":{"line":192,"column":44},"end":{"line":192,"column":53}},"loc":{"start":{"line":192,"column":53},"end":{"line":203,"column":16}},"line":192},"11":{"name":"(anonymous_11)","decl":{"start":{"line":199,"column":55},"end":{"line":199,"column":61}},"loc":{"start":{"line":199,"column":61},"end":{"line":202,"column":18}},"line":199},"12":{"name":"(anonymous_12)","decl":{"start":{"line":216,"column":57},"end":{"line":216,"column":66}},"loc":{"start":{"line":216,"column":66},"end":{"line":225,"column":16}},"line":216},"13":{"name":"(anonymous_13)","decl":{"start":{"line":255,"column":25},"end":{"line":255,"column":31}},"loc":{"start":{"line":255,"column":31},"end":{"line":255,"column":null}},"line":255}},"branchMap":{"0":{"loc":{"start":{"line":52,"column":6},"end":{"line":52,"column":null}},"type":"if","locations":[{"start":{"line":52,"column":6},"end":{"line":52,"column":null}},{"start":{},"end":{}}],"line":52},"1":{"loc":{"start":{"line":52,"column":10},"end":{"line":52,"column":53}},"type":"binary-expr","locations":[{"start":{"line":52,"column":10},"end":{"line":52,"column":32}},{"start":{"line":52,"column":32},"end":{"line":52,"column":53}}],"line":52},"2":{"loc":{"start":{"line":56,"column":8},"end":{"line":81,"column":null}},"type":"switch","locations":[{"start":{"line":57,"column":10},"end":{"line":62,"column":null}},{"start":{"line":63,"column":10},"end":{"line":68,"column":null}},{"start":{"line":69,"column":10},"end":{"line":74,"column":null}},{"start":{"line":75,"column":10},"end":{"line":80,"column":null}}],"line":56},"3":{"loc":{"start":{"line":58,"column":12},"end":{"line":61,"column":null}},"type":"if","locations":[{"start":{"line":58,"column":12},"end":{"line":61,"column":null}},{"start":{},"end":{}}],"line":58},"4":{"loc":{"start":{"line":64,"column":12},"end":{"line":67,"column":null}},"type":"if","locations":[{"start":{"line":64,"column":12},"end":{"line":67,"column":null}},{"start":{},"end":{}}],"line":64},"5":{"loc":{"start":{"line":70,"column":12},"end":{"line":73,"column":null}},"type":"if","locations":[{"start":{"line":70,"column":12},"end":{"line":73,"column":null}},{"start":{},"end":{}}],"line":70},"6":{"loc":{"start":{"line":76,"column":12},"end":{"line":79,"column":null}},"type":"if","locations":[{"start":{"line":76,"column":12},"end":{"line":79,"column":null}},{"start":{},"end":{}}],"line":76},"7":{"loc":{"start":{"line":132,"column":20},"end":{"line":132,"column":null}},"type":"binary-expr","locations":[{"start":{"line":132,"column":20},"end":{"line":132,"column":39}},{"start":{"line":132,"column":39},"end":{"line":132,"column":null}}],"line":132},"8":{"loc":{"start":{"line":166,"column":13},"end":{"line":181,"column":null}},"type":"cond-expr","locations":[{"start":{"line":167,"column":14},"end":{"line":167,"column":null}},{"start":{"line":168,"column":16},"end":{"line":181,"column":null}}],"line":166},"9":{"loc":{"start":{"line":168,"column":16},"end":{"line":181,"column":null}},"type":"cond-expr","locations":[{"start":{"line":169,"column":14},"end":{"line":179,"column":null}},{"start":{"line":181,"column":14},"end":{"line":181,"column":null}}],"line":168},"10":{"loc":{"start":{"line":174,"column":29},"end":{"line":174,"column":null}},"type":"cond-expr","locations":[{"start":{"line":174,"column":69},"end":{"line":174,"column":132}},{"start":{"line":174,"column":132},"end":{"line":174,"column":null}}],"line":174},"11":{"loc":{"start":{"line":174,"column":72},"end":{"line":174,"column":101}},"type":"binary-expr","locations":[{"start":{"line":174,"column":72},"end":{"line":174,"column":100}},{"start":{"line":174,"column":100},"end":{"line":174,"column":101}}],"line":174},"12":{"loc":{"start":{"line":175,"column":23},"end":{"line":175,"column":null}},"type":"cond-expr","locations":[{"start":{"line":175,"column":82},"end":{"line":175,"column":111}},{"start":{"line":175,"column":111},"end":{"line":175,"column":null}}],"line":175},"13":{"loc":{"start":{"line":175,"column":23},"end":{"line":175,"column":82}},"type":"binary-expr","locations":[{"start":{"line":175,"column":23},"end":{"line":175,"column":58}},{"start":{"line":175,"column":58},"end":{"line":175,"column":82}}],"line":175},"14":{"loc":{"start":{"line":175,"column":118},"end":{"line":175,"column":149}},"type":"binary-expr","locations":[{"start":{"line":175,"column":118},"end":{"line":175,"column":138}},{"start":{"line":175,"column":138},"end":{"line":175,"column":149}}],"line":175},"15":{"loc":{"start":{"line":176,"column":26},"end":{"line":176,"column":null}},"type":"cond-expr","locations":[{"start":{"line":176,"column":98},"end":{"line":176,"column":146}},{"start":{"line":176,"column":146},"end":{"line":176,"column":null}}],"line":176},"16":{"loc":{"start":{"line":176,"column":26},"end":{"line":176,"column":98}},"type":"binary-expr","locations":[{"start":{"line":176,"column":26},"end":{"line":176,"column":64}},{"start":{"line":176,"column":64},"end":{"line":176,"column":98}}],"line":176},"17":{"loc":{"start":{"line":176,"column":98},"end":{"line":176,"column":146}},"type":"binary-expr","locations":[{"start":{"line":176,"column":98},"end":{"line":176,"column":128}},{"start":{"line":176,"column":128},"end":{"line":176,"column":146}}],"line":176},"18":{"loc":{"start":{"line":176,"column":153},"end":{"line":176,"column":190}},"type":"binary-expr","locations":[{"start":{"line":176,"column":153},"end":{"line":176,"column":176}},{"start":{"line":176,"column":176},"end":{"line":176,"column":190}}],"line":176},"19":{"loc":{"start":{"line":178,"column":25},"end":{"line":178,"column":null}},"type":"binary-expr","locations":[{"start":{"line":178,"column":25},"end":{"line":178,"column":42}},{"start":{"line":178,"column":42},"end":{"line":178,"column":null}}],"line":178},"20":{"loc":{"start":{"line":189,"column":13},"end":{"line":205,"column":null}},"type":"cond-expr","locations":[{"start":{"line":190,"column":14},"end":{"line":190,"column":null}},{"start":{"line":191,"column":16},"end":{"line":205,"column":null}}],"line":189},"21":{"loc":{"start":{"line":191,"column":16},"end":{"line":205,"column":null}},"type":"cond-expr","locations":[{"start":{"line":192,"column":14},"end":{"line":203,"column":null}},{"start":{"line":205,"column":14},"end":{"line":205,"column":null}}],"line":191},"22":{"loc":{"start":{"line":193,"column":20},"end":{"line":193,"column":null}},"type":"binary-expr","locations":[{"start":{"line":193,"column":20},"end":{"line":193,"column":31}},{"start":{"line":193,"column":31},"end":{"line":193,"column":null}}],"line":193},"23":{"loc":{"start":{"line":200,"column":24},"end":{"line":200,"column":null}},"type":"binary-expr","locations":[{"start":{"line":200,"column":24},"end":{"line":200,"column":34}},{"start":{"line":200,"column":34},"end":{"line":200,"column":null}}],"line":200},"24":{"loc":{"start":{"line":201,"column":31},"end":{"line":201,"column":null}},"type":"binary-expr","locations":[{"start":{"line":201,"column":31},"end":{"line":201,"column":48}},{"start":{"line":201,"column":48},"end":{"line":201,"column":null}}],"line":201},"25":{"loc":{"start":{"line":213,"column":13},"end":{"line":227,"column":null}},"type":"cond-expr","locations":[{"start":{"line":214,"column":14},"end":{"line":214,"column":null}},{"start":{"line":215,"column":16},"end":{"line":227,"column":null}}],"line":213},"26":{"loc":{"start":{"line":215,"column":16},"end":{"line":227,"column":null}},"type":"cond-expr","locations":[{"start":{"line":216,"column":14},"end":{"line":225,"column":null}},{"start":{"line":227,"column":14},"end":{"line":227,"column":null}}],"line":215},"27":{"loc":{"start":{"line":220,"column":24},"end":{"line":220,"column":null}},"type":"binary-expr","locations":[{"start":{"line":220,"column":24},"end":{"line":220,"column":39}},{"start":{"line":220,"column":39},"end":{"line":220,"column":null}}],"line":220},"28":{"loc":{"start":{"line":221,"column":22},"end":{"line":221,"column":null}},"type":"cond-expr","locations":[{"start":{"line":221,"column":54},"end":{"line":221,"column":100}},{"start":{"line":221,"column":100},"end":{"line":221,"column":null}}],"line":221},"29":{"loc":{"start":{"line":222,"column":24},"end":{"line":222,"column":null}},"type":"binary-expr","locations":[{"start":{"line":222,"column":24},"end":{"line":222,"column":39}},{"start":{"line":222,"column":39},"end":{"line":222,"column":null}}],"line":222},"30":{"loc":{"start":{"line":233,"column":11},"end":{"line":261,"column":null}},"type":"cond-expr","locations":[{"start":{"line":234,"column":12},"end":{"line":251,"column":null}},{"start":{"line":253,"column":12},"end":{"line":261,"column":null}}],"line":233},"31":{"loc":{"start":{"line":236,"column":15},"end":{"line":249,"column":null}},"type":"cond-expr","locations":[{"start":{"line":237,"column":16},"end":{"line":237,"column":null}},{"start":{"line":238,"column":18},"end":{"line":249,"column":null}}],"line":236},"32":{"loc":{"start":{"line":238,"column":18},"end":{"line":249,"column":null}},"type":"cond-expr","locations":[{"start":{"line":239,"column":16},"end":{"line":247,"column":null}},{"start":{"line":249,"column":16},"end":{"line":249,"column":null}}],"line":238}},"s":{"0":4,"1":65,"2":65,"3":65,"4":65,"5":65,"6":65,"7":65,"8":65,"9":65,"10":20,"11":20,"12":20,"13":20,"14":20,"15":20,"16":20,"17":65,"18":55,"19":55,"20":48,"21":7,"22":7,"23":7,"24":4,"25":4,"26":3,"27":3,"28":1,"29":1,"30":1,"31":1,"32":1,"33":1,"34":1,"35":1,"36":1,"37":1,"38":1,"39":1,"40":6,"41":6,"42":7,"43":55,"44":65,"45":41,"46":1,"47":1,"48":1,"49":1,"50":1,"51":5,"52":1,"53":1,"54":1,"55":1},"f":{"0":65,"1":20,"2":55,"3":55,"4":6,"5":41,"6":1,"7":1,"8":1,"9":5,"10":1,"11":1,"12":1,"13":1},"b":{"0":[48,7],"1":[55,15],"2":[7,1,1,1],"3":[4,0],"4":[1,0],"5":[1,0],"6":[1,0],"7":[41,0],"8":[7,58],"9":[5,53],"10":[3,2],"11":[3,0],"12":[5,0],"13":[5,5],"14":[0,0],"15":[3,2],"16":[5,5],"17":[3,0],"18":[2,0],"19":[5,3],"20":[7,58],"21":[1,57],"22":[1,1],"23":[1,1],"24":[1,1],"25":[7,58],"26":[1,57],"27":[1,1],"28":[1,0],"29":[1,0],"30":[64,1],"31":[7,57],"32":[2,55]},"meta":{"lastBranch":33,"lastFunction":14,"lastStatement":56,"seen":{"s:24:69:267:Infinity":0,"f:24:69:24:70":0,"s:29:32:29:Infinity":1,"s:30:26:30:Infinity":2,"s:31:30:31:Infinity":3,"s:32:24:32:Infinity":4,"s:33:32:33:Infinity":5,"s:34:34:34:Infinity":6,"s:35:28:35:Infinity":7,"s:36:44:36:Infinity":8,"s:38:2:46:Infinity":9,"f:38:12:38:18":1,"s:39:4:39:Infinity":10,"s:40:4:40:Infinity":11,"s:41:4:41:Infinity":12,"s:42:4:42:Infinity":13,"s:43:4:43:Infinity":14,"s:44:4:44:Infinity":15,"s:45:4:45:Infinity":16,"s:48:2:91:Infinity":17,"f:48:12:48:18":2,"s:49:21:49:Infinity":18,"f:51:19:51:31":3,"b:52:6:52:Infinity:undefined:undefined:undefined:undefined":0,"s:52:6:52:Infinity":19,"b:52:10:52:32:52:32:52:53":1,"s:52:53:52:Infinity":20,"s:54:6:54:Infinity":21,"s:55:6:87:Infinity":22,"b:57:10:62:Infinity:63:10:68:Infinity:69:10:74:Infinity:75:10:80:Infinity":2,"s:56:8:81:Infinity":23,"b:58:12:61:Infinity:undefined:undefined:undefined:undefined":3,"s:58:12:61:Infinity":24,"s:59:32:59:Infinity":25,"s:60:14:60:Infinity":26,"s:62:12:62:Infinity":27,"b:64:12:67:Infinity:undefined:undefined:undefined:undefined":4,"s:64:12:67:Infinity":28,"s:65:34:65:Infinity":29,"s:66:14:66:Infinity":30,"s:68:12:68:Infinity":31,"b:70:12:73:Infinity:undefined:undefined:undefined:undefined":5,"s:70:12:73:Infinity":32,"s:71:31:71:Infinity":33,"s:72:14:72:Infinity":34,"s:74:12:74:Infinity":35,"b:76:12:79:Infinity:undefined:undefined:undefined:undefined":6,"s:76:12:79:Infinity":36,"s:77:32:77:Infinity":37,"s:78:14:78:Infinity":38,"s:80:12:80:Infinity":39,"s:82:8:82:Infinity":40,"f:82:22:82:30":4,"s:82:30:82:53":41,"s:86:8:86:Infinity":42,"s:90:4:90:Infinity":43,"s:93:2:265:Infinity":44,"f:130:43:130:44":5,"s:130:54:137:14":45,"b:132:20:132:39:132:39:132:Infinity":7,"f:138:23:138:24":6,"s:139:39:150:Infinity":46,"s:151:14:151:Infinity":47,"f:153:26:153:27":7,"s:154:39:157:Infinity":48,"f:156:54:156:55":8,"s:156:61:156:80":49,"s:158:14:158:Infinity":50,"b:167:14:167:Infinity:168:16:181:Infinity":8,"b:169:14:179:Infinity:181:14:181:Infinity":9,"f:169:47:169:57":9,"s:169:57:179:16":51,"b:174:69:174:132:174:132:174:Infinity":10,"b:174:72:174:100:174:100:174:101":11,"b:175:82:175:111:175:111:175:Infinity":12,"b:175:23:175:58:175:58:175:82":13,"b:175:118:175:138:175:138:175:149":14,"b:176:98:176:146:176:146:176:Infinity":15,"b:176:26:176:64:176:64:176:98":16,"b:176:98:176:128:176:128:176:146":17,"b:176:153:176:176:176:176:176:190":18,"b:178:25:178:42:178:42:178:Infinity":19,"b:190:14:190:Infinity:191:16:205:Infinity":20,"b:192:14:203:Infinity:205:14:205:Infinity":21,"f:192:44:192:53":10,"s:192:53:203:16":52,"b:193:20:193:31:193:31:193:Infinity":22,"f:199:55:199:61":11,"s:199:61:202:18":53,"b:200:24:200:34:200:34:200:Infinity":23,"b:201:31:201:48:201:48:201:Infinity":24,"b:214:14:214:Infinity:215:16:227:Infinity":25,"b:216:14:225:Infinity:227:14:227:Infinity":26,"f:216:57:216:66":12,"s:216:66:225:16":54,"b:220:24:220:39:220:39:220:Infinity":27,"b:221:54:221:100:221:100:221:Infinity":28,"b:222:24:222:39:222:39:222:Infinity":29,"b:234:12:251:Infinity:253:12:261:Infinity":30,"b:237:16:237:Infinity:238:18:249:Infinity":31,"b:239:16:247:Infinity:249:16:249:Infinity":32,"f:255:25:255:31":13,"s:255:31:255:Infinity":55}}}
,"/home/weningerii/CascadeProjects/windsurf-project/src/components/ClassFeatureBrowser.tsx": {"path":"/home/weningerii/CascadeProjects/windsurf-project/src/components/ClassFeatureBrowser.tsx","statementMap":{"0":{"start":{"line":18,"column":71},"end":{"line":177,"column":null}},"1":{"start":{"line":22,"column":34},"end":{"line":22,"column":null}},"2":{"start":{"line":23,"column":40},"end":{"line":23,"column":null}},"3":{"start":{"line":24,"column":44},"end":{"line":24,"column":null}},"4":{"start":{"line":26,"column":8},"end":{"line":29,"column":null}},"5":{"start":{"line":27,"column":10},"end":{"line":27,"column":null}},"6":{"start":{"line":27,"column":42},"end":{"line":27,"column":49}},"7":{"start":{"line":31,"column":8},"end":{"line":42,"column":null}},"8":{"start":{"line":32,"column":4},"end":{"line":41,"column":null}},"9":{"start":{"line":34,"column":8},"end":{"line":35,"column":null}},"10":{"start":{"line":38,"column":8},"end":{"line":38,"column":null}},"11":{"start":{"line":40,"column":6},"end":{"line":40,"column":null}},"12":{"start":{"line":44,"column":8},"end":{"line":53,"column":null}},"13":{"start":{"line":45,"column":52},"end":{"line":45,"column":null}},"14":{"start":{"line":46,"column":4},"end":{"line":51,"column":null}},"15":{"start":{"line":47,"column":6},"end":{"line":49,"column":null}},"16":{"start":{"line":48,"column":8},"end":{"line":48,"column":null}},"17":{"start":{"line":50,"column":6},"end":{"line":50,"column":null}},"18":{"start":{"line":52,"column":4},"end":{"line":52,"column":null}},"19":{"start":{"line":55,"column":2},"end":{"line":175,"column":null}},"20":{"start":{"line":64,"column":27},"end":{"line":64,"column":null}},"21":{"start":{"line":72,"column":25},"end":{"line":72,"column":null}},"22":{"start":{"line":82,"column":10},"end":{"line":92,"column":null}},"23":{"start":{"line":84,"column":27},"end":{"line":84,"column":null}},"24":{"start":{"line":104,"column":42},"end":{"line":104,"column":77}},"25":{"start":{"line":106,"column":14},"end":{"line":165,"column":null}},"26":{"start":{"line":110,"column":20},"end":{"line":162,"column":null}},"27":{"start":{"line":116,"column":26},"end":{"line":118,"column":null}},"28":{"start":{"line":145,"column":34},"end":{"line":147,"column":null}},"29":{"start":{"line":154,"column":45},"end":{"line":154,"column":null}}},"fnMap":{"0":{"name":"(anonymous_0)","decl":{"start":{"line":18,"column":71},"end":{"line":18,"column":72}},"loc":{"start":{"line":21,"column":6},"end":{"line":177,"column":null}},"line":21},"1":{"name":"(anonymous_1)","decl":{"start":{"line":27,"column":4},"end":{"line":27,"column":10}},"loc":{"start":{"line":27,"column":10},"end":{"line":27,"column":null}},"line":27},"2":{"name":"(anonymous_2)","decl":{"start":{"line":27,"column":35},"end":{"line":27,"column":36}},"loc":{"start":{"line":27,"column":42},"end":{"line":27,"column":49}},"line":27},"3":{"name":"(anonymous_3)","decl":{"start":{"line":31,"column":35},"end":{"line":31,"column":41}},"loc":{"start":{"line":31,"column":41},"end":{"line":42,"column":5}},"line":31},"4":{"name":"(anonymous_4)","decl":{"start":{"line":32,"column":27},"end":{"line":32,"column":28}},"loc":{"start":{"line":32,"column":40},"end":{"line":41,"column":5}},"line":32},"5":{"name":"(anonymous_5)","decl":{"start":{"line":44,"column":33},"end":{"line":44,"column":39}},"loc":{"start":{"line":44,"column":39},"end":{"line":53,"column":5}},"line":44},"6":{"name":"(anonymous_6)","decl":{"start":{"line":46,"column":29},"end":{"line":46,"column":30}},"loc":{"start":{"line":46,"column":42},"end":{"line":51,"column":5}},"line":46},"7":{"name":"(anonymous_7)","decl":{"start":{"line":64,"column":20},"end":{"line":64,"column":21}},"loc":{"start":{"line":64,"column":27},"end":{"line":64,"column":null}},"line":64},"8":{"name":"(anonymous_8)","decl":{"start":{"line":72,"column":19},"end":{"line":72,"column":25}},"loc":{"start":{"line":72,"column":25},"end":{"line":72,"column":null}},"line":72},"9":{"name":"(anonymous_9)","decl":{"start":{"line":81,"column":21},"end":{"line":81,"column":22}},"loc":{"start":{"line":82,"column":10},"end":{"line":92,"column":null}},"line":82},"10":{"name":"(anonymous_10)","decl":{"start":{"line":84,"column":21},"end":{"line":84,"column":27}},"loc":{"start":{"line":84,"column":27},"end":{"line":84,"column":null}},"line":84},"11":{"name":"(anonymous_11)","decl":{"start":{"line":104,"column":18},"end":{"line":104,"column":19}},"loc":{"start":{"line":104,"column":42},"end":{"line":104,"column":77}},"line":104},"12":{"name":"(anonymous_12)","decl":{"start":{"line":105,"column":17},"end":{"line":105,"column":18}},"loc":{"start":{"line":106,"column":14},"end":{"line":165,"column":null}},"line":106},"13":{"name":"(anonymous_13)","decl":{"start":{"line":109,"column":37},"end":{"line":109,"column":38}},"loc":{"start":{"line":110,"column":20},"end":{"line":162,"column":null}},"line":110},"14":{"name":"(anonymous_14)","decl":{"start":{"line":115,"column":33},"end":{"line":115,"column":null}},"loc":{"start":{"line":116,"column":26},"end":{"line":118,"column":null}},"line":116},"15":{"name":"(anonymous_15)","decl":{"start":{"line":144,"column":54},"end":{"line":144,"column":55}},"loc":{"start":{"line":145,"column":34},"end":{"line":147,"column":null}},"line":145},"16":{"name":"(anonymous_16)","decl":{"start":{"line":154,"column":39},"end":{"line":154,"column":45}},"loc":{"start":{"line":154,"column":45},"end":{"line":154,"column":null}},"line":154}},"branchMap":{"0":{"loc":{"start":{"line":34,"column":8},"end":{"line":35,"column":null}},"type":"binary-expr","locations":[{"start":{"line":34,"column":8},"end":{"line":34,"column":null}},{"start":{"line":35,"column":8},"end":{"line":35,"column":null}}],"line":34},"1":{"loc":{"start":{"line":38,"column":8},"end":{"line":38,"column":null}},"type":"binary-expr","locations":[{"start":{"line":38,"column":8},"end":{"line":38,"column":34}},{"start":{"line":38,"column":34},"end":{"line":38,"column":null}}],"line":38},"2":{"loc":{"start":{"line":40,"column":13},"end":{"line":40,"column":null}},"type":"binary-expr","locations":[{"start":{"line":40,"column":13},"end":{"line":40,"column":30}},{"start":{"line":40,"column":30},"end":{"line":40,"column":null}}],"line":40},"3":{"loc":{"start":{"line":47,"column":6},"end":{"line":49,"column":null}},"type":"if","locations":[{"start":{"line":47,"column":6},"end":{"line":49,"column":null}},{"start":{},"end":{}}],"line":47},"4":{"loc":{"start":{"line":74,"column":12},"end":{"line":76,"column":null}},"type":"cond-expr","locations":[{"start":{"line":75,"column":16},"end":{"line":75,"column":null}},{"start":{"line":76,"column":16},"end":{"line":76,"column":null}}],"line":74},"5":{"loc":{"start":{"line":86,"column":14},"end":{"line":88,"column":null}},"type":"cond-expr","locations":[{"start":{"line":87,"column":18},"end":{"line":87,"column":null}},{"start":{"line":88,"column":18},"end":{"line":88,"column":null}}],"line":86},"6":{"loc":{"start":{"line":117,"column":28},"end":{"line":117,"column":null}},"type":"cond-expr","locations":[{"start":{"line":117,"column":61},"end":{"line":117,"column":68}},{"start":{"line":117,"column":68},"end":{"line":117,"column":null}}],"line":117},"7":{"loc":{"start":{"line":128,"column":25},"end":{"line":131,"column":null}},"type":"cond-expr","locations":[{"start":{"line":129,"column":26},"end":{"line":129,"column":null}},{"start":{"line":131,"column":26},"end":{"line":131,"column":null}}],"line":128},"8":{"loc":{"start":{"line":135,"column":23},"end":{"line":160,"column":null}},"type":"binary-expr","locations":[{"start":{"line":135,"column":23},"end":{"line":135,"column":null}},{"start":{"line":136,"column":24},"end":{"line":160,"column":null}}],"line":135},"9":{"loc":{"start":{"line":138,"column":27},"end":{"line":150,"column":null}},"type":"binary-expr","locations":[{"start":{"line":138,"column":27},"end":{"line":138,"column":null}},{"start":{"line":139,"column":28},"end":{"line":150,"column":null}}],"line":138},"10":{"loc":{"start":{"line":152,"column":27},"end":{"line":158,"column":null}},"type":"binary-expr","locations":[{"start":{"line":152,"column":27},"end":{"line":152,"column":null}},{"start":{"line":153,"column":28},"end":{"line":158,"column":null}}],"line":152},"11":{"loc":{"start":{"line":168,"column":11},"end":{"line":171,"column":null}},"type":"binary-expr","locations":[{"start":{"line":168,"column":11},"end":{"line":168,"column":null}},{"start":{"line":169,"column":12},"end":{"line":171,"column":null}}],"line":168}},"s":{"0":1,"1":10,"2":10,"3":10,"4":10,"5":2,"6":4,"7":10,"8":9,"9":18,"10":18,"11":18,"12":10,"13":9,"14":9,"15":11,"16":11,"17":11,"18":9,"19":10,"20":6,"21":0,"22":20,"23":1,"24":4,"25":13,"26":13,"27":1,"28":1,"29":1},"f":{"0":10,"1":2,"2":4,"3":9,"4":18,"5":9,"6":11,"7":6,"8":0,"9":20,"10":1,"11":4,"12":13,"13":13,"14":1,"15":1,"16":1},"b":{"0":[18,6],"1":[18,2],"2":[18,12],"3":[11,0],"4":[9,1],"5":[1,19],"6":[0,1],"7":[1,12],"8":[13,1],"9":[1,1],"10":[1,1],"11":[10,1]},"meta":{"lastBranch":12,"lastFunction":17,"lastStatement":30,"seen":{"s:18:71:177:Infinity":0,"f:18:71:18:72":0,"s:22:34:22:Infinity":1,"s:23:40:23:Infinity":2,"s:24:44:24:Infinity":3,"s:26:8:29:Infinity":4,"f:27:4:27:10":1,"s:27:10:27:Infinity":5,"f:27:35:27:36":2,"s:27:42:27:49":6,"s:31:8:42:Infinity":7,"f:31:35:31:41":3,"s:32:4:41:Infinity":8,"f:32:27:32:28":4,"s:34:8:35:Infinity":9,"b:34:8:34:Infinity:35:8:35:Infinity":0,"s:38:8:38:Infinity":10,"b:38:8:38:34:38:34:38:Infinity":1,"s:40:6:40:Infinity":11,"b:40:13:40:30:40:30:40:Infinity":2,"s:44:8:53:Infinity":12,"f:44:33:44:39":5,"s:45:52:45:Infinity":13,"s:46:4:51:Infinity":14,"f:46:29:46:30":6,"b:47:6:49:Infinity:undefined:undefined:undefined:undefined":3,"s:47:6:49:Infinity":15,"s:48:8:48:Infinity":16,"s:50:6:50:Infinity":17,"s:52:4:52:Infinity":18,"s:55:2:175:Infinity":19,"f:64:20:64:21":7,"s:64:27:64:Infinity":20,"f:72:19:72:25":8,"s:72:25:72:Infinity":21,"b:75:16:75:Infinity:76:16:76:Infinity":4,"f:81:21:81:22":9,"s:82:10:92:Infinity":22,"f:84:21:84:27":10,"s:84:27:84:Infinity":23,"b:87:18:87:Infinity:88:18:88:Infinity":5,"f:104:18:104:19":11,"s:104:42:104:77":24,"f:105:17:105:18":12,"s:106:14:165:Infinity":25,"f:109:37:109:38":13,"s:110:20:162:Infinity":26,"f:115:33:115:Infinity":14,"s:116:26:118:Infinity":27,"b:117:61:117:68:117:68:117:Infinity":6,"b:129:26:129:Infinity:131:26:131:Infinity":7,"b:135:23:135:Infinity:136:24:160:Infinity":8,"b:138:27:138:Infinity:139:28:150:Infinity":9,"f:144:54:144:55":15,"s:145:34:147:Infinity":28,"b:152:27:152:Infinity:153:28:158:Infinity":10,"f:154:39:154:45":16,"s:154:45:154:Infinity":29,"b:168:11:168:Infinity:169:12:171:Infinity":11}}}
,"/home/weningerii/CascadeProjects/windsurf-project/src/components/DataManagement.tsx": {"path":"/home/weningerii/CascadeProjects/windsurf-project/src/components/DataManagement.tsx","statementMap":{"0":{"start":{"line":14,"column":61},"end":{"line":136,"column":null}},"1":{"start":{"line":19,"column":24},"end":{"line":19,"column":null}},"2":{"start":{"line":20,"column":28},"end":{"line":20,"column":null}},"3":{"start":{"line":21,"column":8},"end":{"line":21,"column":null}},"4":{"start":{"line":23,"column":23},"end":{"line":42,"column":null}},"5":{"start":{"line":24,"column":4},"end":{"line":41,"column":null}},"6":{"start":{"line":25,"column":12},"end":{"line":25,"column":null}},"7":{"start":{"line":26,"column":19},"end":{"line":26,"column":null}},"8":{"start":{"line":27,"column":18},"end":{"line":27,"column":null}},"9":{"start":{"line":28,"column":19},"end":{"line":28,"column":null}},"10":{"start":{"line":29,"column":6},"end":{"line":29,"column":null}},"11":{"start":{"line":30,"column":6},"end":{"line":30,"column":null}},"12":{"start":{"line":31,"column":6},"end":{"line":31,"column":null}},"13":{"start":{"line":32,"column":6},"end":{"line":32,"column":null}},"14":{"start":{"line":33,"column":6},"end":{"line":33,"column":null}},"15":{"start":{"line":34,"column":6},"end":{"line":34,"column":null}},"16":{"start":{"line":35,"column":6},"end":{"line":35,"column":null}},"17":{"start":{"line":36,"column":6},"end":{"line":36,"column":null}},"18":{"start":{"line":37,"column":6},"end":{"line":37,"column":null}},"19":{"start":{"line":37,"column":23},"end":{"line":37,"column":41}},"20":{"start":{"line":39,"column":6},"end":{"line":39,"column":null}},"21":{"start":{"line":40,"column":6},"end":{"line":40,"column":null}},"22":{"start":{"line":44,"column":28},"end":{"line":46,"column":null}},"23":{"start":{"line":45,"column":4},"end":{"line":45,"column":null}},"24":{"start":{"line":48,"column":27},"end":{"line":67,"column":null}},"25":{"start":{"line":49,"column":17},"end":{"line":49,"column":null}},"26":{"start":{"line":50,"column":4},"end":{"line":50,"column":null}},"27":{"start":{"line":50,"column":15},"end":{"line":50,"column":null}},"28":{"start":{"line":52,"column":4},"end":{"line":62,"column":null}},"29":{"start":{"line":53,"column":19},"end":{"line":53,"column":null}},"30":{"start":{"line":54,"column":12},"end":{"line":54,"column":null}},"31":{"start":{"line":55,"column":6},"end":{"line":55,"column":null}},"32":{"start":{"line":56,"column":6},"end":{"line":56,"column":null}},"33":{"start":{"line":57,"column":6},"end":{"line":57,"column":null}},"34":{"start":{"line":58,"column":6},"end":{"line":58,"column":null}},"35":{"start":{"line":58,"column":23},"end":{"line":58,"column":41}},"36":{"start":{"line":60,"column":6},"end":{"line":60,"column":null}},"37":{"start":{"line":61,"co
[...]
rt":{"line":67,"column":16},"end":{"line":67,"column":null}},"16":{"start":{"line":68,"column":15},"end":{"line":68,"column":null}},"17":{"start":{"line":70,"column":2},"end":{"line":75,"column":null}},"18":{"start":{"line":82,"column":15},"end":{"line":82,"column":null}},"19":{"start":{"line":83,"column":2},"end":{"line":83,"column":null}},"20":{"start":{"line":83,"column":13},"end":{"line":83,"column":null}},"21":{"start":{"line":85,"column":2},"end":{"line":85,"column":null}},"22":{"start":{"line":92,"column":2},"end":{"line":117,"column":null}},"23":{"start":{"line":93,"column":4},"end":{"line":93,"column":null}},"24":{"start":{"line":94,"column":4},"end":{"line":94,"column":null}},"25":{"start":{"line":96,"column":4},"end":{"line":107,"column":null}},"26":{"start":{"line":97,"column":6},"end":{"line":103,"column":null}},"27":{"start":{"line":106,"column":6},"end":{"line":106,"column":null}},"28":{"start":{"line":109,"column":4},"end":{"line":115,"column":null}},"29":{"start":{"line":116,"column":4},"end":{"line":116,"column":null}},"30":{"start":{"line":124,"column":2},"end":{"line":128,"column":null}},"31":{"start":{"line":131,"column":2},"end":{"line":135,"column":null}},"32":{"start":{"line":132,"column":4},"end":{"line":132,"column":null}},"33":{"start":{"line":138,"column":2},"end":{"line":154,"column":null}},"34":{"start":{"line":139,"column":4},"end":{"line":139,"column":null}},"35":{"start":{"line":140,"column":4},"end":{"line":144,"column":null}},"36":{"start":{"line":145,"column":4},"end":{"line":145,"column":null}},"37":{"start":{"line":147,"column":4},"end":{"line":152,"column":null}},"38":{"start":{"line":153,"column":4},"end":{"line":153,"column":null}},"39":{"start":{"line":161,"column":2},"end":{"line":172,"column":null}},"40":{"start":{"line":162,"column":4},"end":{"line":162,"column":null}},"41":{"start":{"line":164,"column":4},"end":{"line":170,"column":null}},"42":{"start":{"line":171,"column":4},"end":{"line":171,"column":null}},"43":{"start":{"line":179,"column":2},"end":{"line":191,"column":null}},"44":{"start":{"line":180,"column":4},"end":{"line":180,"column":null}},"45":{"start":{"line":181,"column":4},"end":{"line":181,"column":null}},"46":{"start":{"line":183,"column":4},"end":{"line":189,"column":null}},"47":{"start":{"line":190,"column":4},"end":{"line":190,"column":null}},"48":{"start":{"line":198,"column":19},"end":{"line":198,"column":null}},"49":{"start":{"line":200,"column":2},"end":{"line":225,"column":null}},"50":{"start":{"line":202,"column":27},"end":{"line":202,"column":null}},"51":{"start":{"line":203,"column":4},"end":{"line":206,"column":null}},"52":{"start":{"line":204,"column":6},"end":{"line":204,"column":null}},"53":{"start":{"line":205,"column":6},"end":{"line":205,"column":null}},"54":{"start":{"line":213,"column":4},"end":{"line":217,"column":null}},"55":{"start":{"line":219,"column":4},"end":{"line":224,"column":null}},"56":{"start":{"line":227,"column":2},"end":{"line":227,"column":null}}},"fnMap":{"0":{"name":"(anonymous_0)","decl":{"start":{"line":17,"column":2},"end":{"line":17,"column":14}},"loc":{"start":{"line":17,"column":31},"end":{"line":20,"column":null}},"line":17},"1":{"name":"getStorageInfo","decl":{"start":{"line":26,"column":22},"end":{"line":26,"column":68}},"loc":{"start":{"line":26,"column":68},"end":{"line":52,"column":null}},"line":26},"2":{"name":"estimateLocalStorageSize","decl":{"start":{"line":57,"column":9},"end":{"line":57,"column":49}},"loc":{"start":{"line":57,"column":49},"end":{"line":76,"column":null}},"line":57},"3":{"name":"hasStorageSpace","decl":{"start":{"line":81,"column":22},"end":{"line":81,"column":38}},"loc":{"start":{"line":81,"column":79},"end":{"line":86,"column":null}},"line":81},"4":{"name":"safeSetItem","decl":{"start":{"line":91,"column":16},"end":{"line":91,"column":28}},"loc":{"start":{"line":91,"column":65},"end":{"line":118,"column":null}},"line":91},"5":{"name":"attemptStorageRecovery","decl":{"start":{"line":123,"column":9},"end":{"line":123,"column":32}},"loc":{"start":{"line":123,"column":69},"end":{"line":155,"column":null}},"line":123},"6":{"name":"safeGetItem","decl":{"start":{"line":160,"column":16},"end":{"line":160,"column":28}},"loc":{"start":{"line":160,"column":88},"end":{"line":173,"column":null}},"line":160},"7":{"name":"safeRemoveItem","decl":{"start":{"line":178,"column":16},"end":{"line":178,"column":31}},"loc":{"start":{"line":178,"column":53},"end":{"line":192,"column":null}},"line":178},"8":{"name":"clearUnusedData","decl":{"start":{"line":197,"column":22},"end":{"line":197,"column":57}},"loc":{"start":{"line":197,"column":57},"end":{"line":228,"column":null}},"line":197}},"branchMap":{"0":{"loc":{"start":{"line":28,"column":4},"end":{"line":39,"column":null}},"type":"if","locations":[{"start":{"line":28,"column":4},"end":{"line":39,"column":null}},{"start":{},"end":{}}],"line":28},"1":{"loc":{"start":{"line":28,"column":8},"end":{"line":28,"column":67}},"type":"binary-expr","locations":[{"start":{"line":28,"column":8},"end":{"line":28,"column":34}},{"start":{"line":28,"column":34},"end":{"line":28,"column":67}}],"line":28},"2":{"loc":{"start":{"line":30,"column":19},"end":{"line":30,"column":null}},"type":"binary-expr","locations":[{"start":{"line":30,"column":19},"end":{"line":30,"column":37}},{"start":{"line":30,"column":37},"end":{"line":30,"column":null}}],"line":30},"3":{"loc":{"start":{"line":31,"column":20},"end":{"line":31,"column":null}},"type":"binary-expr","locations":[{"start":{"line":31,"column":20},"end":{"line":31,"column":38}},{"start":{"line":31,"column":38},"end":{"line":31,"column":null}}],"line":31},"4":{"loc":{"start":{"line":36,"column":21},"end":{"line":36,"column":null}},"type":"cond-expr","locations":[{"start":{"line":36,"column":34},"end":{"line":36,"column":56}},{"start":{"line":36,"column":56},"end":{"line":36,"column":null}}],"line":36},"5":{"loc":{"start":{"line":61,"column":4},"end":{"line":63,"column":null}},"type":"if","locations":[{"start":{"line":61,"column":4},"end":{"line":63,"column":null}},{"start":{},"end":{}}],"line":61},"6":{"loc":{"start":{"line":83,"column":2},"end":{"line":83,"column":null}},"type":"if","locations":[{"start":{"line":83,"column":2},"end":{"line":83,"column":null}},{"start":{},"end":{}}],"line":83},"7":{"loc":{"start":{"line":96,"column":4},"end":{"line":107,"column":null}},"type":"if","locations":[{"start":{"line":96,"column":4},"end":{"line":107,"column":null}},{"start":{},"end":{}}],"line":96},"8":{"loc":{"start":{"line":96,"column":8},"end":{"line":96,"column":78}},"type":"binary-expr","locations":[{"start":{"line":96,"column":8},"end":{"line":96,"column":41}},{"start":{"line":96,"column":41},"end":{"line":96,"column":78}}],"line":96},"9":{"loc":{"start":{"line":160,"column":41},"end":{"line":160,"column":88}},"type":"default-arg","locations":[{"start":{"line":160,"column":67},"end":{"line":160,"column":88}}],"line":160},"10":{"loc":{"start":{"line":203,"column":4},"end":{"line":206,"column":null}},"type":"if","locations":[{"start":{"line":203,"column":4},"end":{"line":206,"column":null}},{"start":{},"end":{}}],"line":203}},"s":{"0":0,"1":0,"2":5,"3":5,"4":4,"5":3,"6":4,"7":4,"8":1,"9":1,"10":1,"11":1,"12":1,"13":1,"14":1,"15":1,"16":1,"17":1,"18":2,"19":2,"20":0,"21":2,"22":3,"23":3,"24":3,"25":2,"26":2,"27":2,"28":0,"29":0,"30":2,"31":2,"32":2,"33":2,"34":2,"35":2,"36":2,"37":1,"38":1,"39":2,"40":2,"41":1,"42":1,"43":2,"44":2,"45":2,"46":1,"47":1,"48":1,"49":1,"50":1,"51":1,"52":1,"53":1,"54":1,"55":0,"56":1},"f":{"0":0,"1":5,"2":1,"3":2,"4":3,"5":2,"6":2,"7":2,"8":1},"b":{"0":[4,1],"1":[5,5],"2":[3,0],"3":[4,0],"4":[3,0],"5":[1,0],"6":[0,2],"7":[2,0],"8":[2,2],"9":[2],"10":[1,0]},"meta":{"lastBranch":11,"lastFunction":9,"lastStatement":57,"seen":{"f:17:2:17:14":0,"s:18:4:18:Infinity":0,"s:19:4:19:Infinity":1,"f:26:22:26:68":1,"s:27:2:51:Infinity":2,"b:28:4:39:Infinity:undefined:undefined:undefined:undefined":0,"s:28:4:39:Infinity":3,"b:28:8:28:34:28:34:28:67":1,"s:29:23:29:Infinity":4,"s:30:19:30:Infinity":5,"b:30:19:30:37:30:37:30:Infinity":2,"s:31:20:31:Infinity":6,"b:31:20:31:38:31:38:31:Infinity":3,"s:33:6:38:Infinity":7,"b:36:34:36:56:36:56:36:Infinity":4,"s:42:4:42:Infinity":8,"s:44:4:49:Infinity":9,"s:50:4:50:Infinity":10,"f:57:9:57:49":2,"s:58:18:58:Infinity":11,"s:60:2:64:Infinity":12,"b:61:4:63:Infinity:undefined:undefined:undefined:undefined":5,"s:61:4:63:Infinity":13,"s:62:6:62:Infinity":14,"s:67:16:67:Infinity":15,"s:68:15:68:Infinity":16,"s:70:2:75:Infinity":17,"f:81:22:81:38":3,"s:82:15:82:Infinity":18,"b:83:2:83:Infinity:undefined:undefined:undefined:undefined":6,"s:83:2:83:Infinity":19,"s:83:13:83:Infinity":20,"s:85:2:85:Infinity":21,"f:91:16:91:28":4,"s:92:2:117:Infinity":22,"s:93:4:93:Infinity":23,"s:94:4:94:Infinity":24,"b:96:4:107:Infinity:undefined:undefined:undefined:undefined":7,"s:96:4:107:Infinity":25,"b:96:8:96:41:96:41:96:78":8,"s:97:6:103:Infinity":26,"s:106:6:106:Infinity":27,"s:109:4:115:Infinity":28,"s:116:4:116:Infinity":29,"f:123:9:123:32":5,"s:124:2:128:Infinity":30,"s:131:2:135:Infinity":31,"s:132:4:132:Infinity":32,"s:138:2:154:Infinity":33,"s:139:4:139:Infinity":34,"s:140:4:144:Infinity":35,"s:145:4:145:Infinity":36,"s:147:4:152:Infinity":37,"s:153:4:153:Infinity":38,"f:160:16:160:28":6,"b:160:67:160:88":9,"s:161:2:172:Infinity":39,"s:162:4:162:Infinity":40,"s:164:4:170:Infinity":41,"s:171:4:171:Infinity":42,"f:178:16:178:31":7,"s:179:2:191:Infinity":43,"s:180:4:180:Infinity":44,"s:181:4:181:Infinity":45,"s:183:4:189:Infinity":46,"s:190:4:190:Infinity":47,"f:197:22:197:57":8,"s:198:19:198:Infinity":48,"s:200:2:225:Infinity":49,"s:202:27:202:Infinity":50,"b:203:4:206:Infinity:undefined:undefined:undefined:undefined":10,"s:203:4:206:Infinity":51,"s:204:6:204:Infinity":52,"s:205:6:205:Infinity":53,"s:213:4:217:Infinity":54,"s:219:4:224:Infinity":55,"s:227:2:227:Infinity":56}}}
,"/home/weningerii/CascadeProjects/windsurf-project/src/utils/validation.ts": {"path":"/home/weningerii/CascadeProjects/windsurf-project/src/utils/validation.ts","statementMap":{"0":{"start":{"line":6,"column":4},"end":{"line":6,"column":null}},"1":{"start":{"line":5,"column":38},"end":{"line":5,"column":54}},"2":{"start":{"line":7,"column":4},"end":{"line":7,"column":null}},"3":{"start":{"line":11,"column":37},"end":{"line":18,"column":null}},"4":{"start":{"line":12,"column":2},"end":{"line":14,"column":null}},"5":{"start":{"line":13,"column":4},"end":{"line":13,"column":null}},"6":{"start":{"line":15,"column":2},"end":{"line":17,"column":null}},"7":{"start":{"line":16,"column":4},"end":{"line":16,"column":null}},"8":{"start":{"line":20,"column":29},"end":{"line":27,"column":null}},"9":{"start":{"line":21,"column":2},"end":{"line":23,"column":null}},"10":{"start":{"line":22,"column":4},"end":{"line":22,"column":null}},"11":{"start":{"line":24,"column":2},"end":{"line":26,"column":null}},"12":{"start":{"line":25,"column":4},"end":{"line":25,"column":null}},"13":{"start":{"line":29,"column":38},"end":{"line":36,"column":null}},"14":{"start":{"line":30,"column":2},"end":{"line":32,"column":null}},"15":{"start":{"line":31,"column":4},"end":{"line":31,"column":null}},"16":{"start":{"line":33,"column":2},"end":{"line":35,"column":null}},"17":{"start":{"line":34,"column":4},"end":{"line":34,"column":null}},"18":{"start":{"line":38,"column":33},"end":{"line":48,"column":null}},"19":{"start":{"line":39,"column":2},"end":{"line":41,"column":null}},"20":{"start":{"line":40,"column":4},"end":{"line":40,"column":null}},"21":{"start":{"line":42,"column":2},"end":{"line":44,"column":null}},"22":{"start":{"line":43,"column":4},"end":{"line":43,"column":null}},"23":{"start":{"line":45,"column":2},"end":{"line":47,"column":null}},"24":{"start":{"line":46,"column":4},"end":{"line":46,"column":null}},"25":{"start":{"line":50,"column":33},"end":{"line":69,"column":null}},"26":{"start":{"line":51,"column":2},"end":{"line":53,"column":null}},"27":{"start":{"line":52,"column":4},"end":{"line":52,"column":null}},"28":{"start":{"line":54,"column":2},"end":{"line":56,"column":null}},"29":{"start":{"line":55,"column":4},"end":{"line":55,"column":null}},"30":{"start":{"line":57,"column":2},"end":{"line":61,"column":null}},"31":{"start":{"line":58,"column":4},"end":{"line":60,"column":null}},"32":{"start":{"line":59,"column":6},"end":{"line":59,"column":null}},"33":{"start":{"line":62,"column":2},"end":{"line":68,"column":null}},"34":{"start":{"line":63,"column":4},"end":{"line":67,"column":null}},"35":{"start":{"line":71,"column":29},"end":{"line":73,"column":null}},"36":{"start":{"line":72,"column":2},"end":{"line":72,"column":null}}},"fnMap":{"0":{"name":"(anonymous_0)","decl":{"start":{"line":5,"column":2},"end":{"line":5,"column":14}},"loc":{"start":{"line":5,"column":54},"end":{"line":8,"column":null}},"line":5},"1":{"name":"(anonymous_1)","decl":{"start":{"line":11,"column":37},"end":{"line":11,"column":38}},"loc":{"start":{"line":11,"column":61},"end":{"line":18,"column":null}},"line":11},"2":{"name":"(anonymous_2)","decl":{"start":{"line":20,"column":29},"end":{"line":20,"column":30}},"loc":{"start":{"line":20,"column":54},"end":{"line":27,"column":null}},"line":20},"3":{"name":"(anonymous_3)","decl":{"start":{"line":29,"column":38},"end":{"line":29,"column":39}},"loc":{"start":{"line":29,"column":86},"end":{"line":36,"column":null}},"line":29},"4":{"name":"(anonymous_4)","decl":{"start":{"line":38,"column":33},"end":{"line":38,"column":34}},"loc":{"start":{"line":38,"column":87},"end":{"line":48,"column":null}},"line":38},"5":{"name":"(anonymous_5)","decl":{"start":{"line":50,"column":33},"end":{"line":50,"column":34}},"loc":{"start":{"line":50,"column":74},"end":{"line":69,"column":null}},"line":50},"6":{"name":"(anonymous_6)","decl":{"start":{"line":58,"column":53},"end":{"line":58,"column":54}},"loc":{"start":{"line":58,"column":72},"end":{"line":60,"column":5}},"line":58},"7":{"name":"(anonymous_7)","decl":{"start":{"line":71,"column":29},"end":{"line":71,"column":30}},"loc":{"start":{"line":71,"column":56},"end":{"line":73,"column":null}},"line":71}},"branchMap":{"0":{"loc":{"start":{"line":12,"column":2},"end":{"line":14,"column":null}},"type":"if","locations":[{"start":{"line":12,"column":2},"end":{"line":14,"column":null}},{"start":{},"end":{}}],"line":12},"1":{"loc":{"start":{"line":12,"column":6},"end":{"line":12,"column":41}},"type":"binary-expr","locations":[{"start":{"line":12,"column":6},"end":{"line":12,"column":15}},{"start":{"line":12,"column":15},"end":{"line":12,"column":41}}],"line":12},"2":{"loc":{"start":{"line":15,"column":2},"end":{"line":17,"column":null}},"type":"if","locations":[{"start":{"line":15,"column":2},"end":{"line":17,"column":null}},{"start":{},"end":{}}],"line":15},"3":{"loc":{"start":{"line":21,"column":2},"end":{"line":23,"column":null}},"type":"if","locations":[{"start":{"line":21,"column":2},"end":{"line":23,"column":null}},{"start":{},"end":{}}],"line":21},"4":{"loc":{"start":{"line":24,"column":2},"end":{"line":26,"column":null}},"type":"if","locations":[{"start":{"line":24,"column":2},"end":{"line":26,"column":null}},{"start":{},"end":{}}],"line":24},"5":{"loc":{"start":{"line":24,"column":6},"end":{"line":24,"column":88}},"type":"binary-expr","locations":[{"start":{"line":24,"column":6},"end":{"line":24,"column":48}},{"start":{"line":24,"column":48},"end":{"line":24,"column":88}}],"line":24},"6":{"loc":{"start":{"line":30,"column":2},"end":{"line":32,"column":null}},"type":"if","locations":[{"start":{"line":30,"column":2},"end":{"line":32,"column":null}},{"start":{},"end":{}}],"line":30},"7":{"loc":{"start":{"line":33,"column":2},"end":{"line":35,"column":null}},"type":"if","locations":[{"start":{"line":33,"column":2},"end":{"line":35,"column":null}},{"start":{},"end":{}}],"line":33},"8":{"loc":{"start":{"line":33,"column":6},"end":{"line":33,"column":84}},"type":"binary-expr","locations":[{"start":{"line":33,"column":6},"end":{"line":33,"column":46}},{"start":{"line":33,"column":46},"end":{"line":33,"column":84}}],"line":33},"9":{"loc":{"start":{"line":39,"column":2},"end":{"line":41,"column":null}},"type":"if","locations":[{"start":{"line":39,"column":2},"end":{"line":41,"column":null}},{"start":{},"end":{}}],"line":39},"10":{"loc":{"start":{"line":42,"column":2},"end":{"line":44,"column":null}},"type":"if","locations":[{"start":{"line":42,"column":2},"end":{"line":44,"column":null}},{"start":{},"end":{}}],"line":42},"11":{"loc":{"start":{"line":45,"column":2},"end":{"line":47,"column":null}},"type":"if","locations":[{"start":{"line":45,"column":2},"end":{"line":47,"column":null}},{"start":{},"end":{}}],"line":45},"12":{"loc":{"start":{"line":51,"column":2},"end":{"line":53,"column":null}},"type":"if","locations":[{"start":{"line":51,"column":2},"end":{"line":53,"column":null}},{"start":{},"end":{}}],"line":51},"13":{"loc":{"start":{"line":54,"column":2},"end":{"line":56,"column":null}},"type":"if","locations":[{"start":{"line":54,"column":2},"end":{"line":56,"column":null}},{"start":{},"end":{}}],"line":54},"14":{"loc":{"start":{"line":57,"column":2},"end":{"line":61,"column":null}},"type":"if","locations":[{"start":{"line":57,"column":2},"end":{"line":61,"column":null}},{"start":{},"end":{}}],"line":57},"15":{"loc":{"start":{"line":62,"column":2},"end":{"line":68,"column":null}},"type":"if","locations":[{"start":{"line":62,"column":2},"end":{"line":68,"column":null}},{"start":{},"end":{}}],"line":62}},"s":{"0":12,"1":12,"2":12,"3":6,"4":16,"5":2,"6":14,"7":1,"8":6,"9":16,"10":1,"11":15,"12":2,"13":6,"14":72,"15":1,"16":71,"17":2,"18":6,"19":16,"20":1,"21":15,"22":1,"23":14,"24":1,"25":6,"26":14,"27":13,"28":13,"29":12,"30":13,"31":12,"32":68,"33":13,"34":12,"35":6,"36":42},"f":{"0":12,"1":16,"2":16,"3":72,"4":16,"5":14,"6":68,"7":42},"b":{"0":[2,14],"1":[16,15],"2":[1,13],"3":[1,15],"4":[2,13],"5":[15,14],"6":[1,71],"7":[2,69],"8":[71,70],"9":[1,15],"10":[1,14],"11":[1,13],"12":[13,1],"13":[12,1],"14":[12,1],"15":[12,1]},"meta":{"lastBranch":16,"lastFunction":8,"lastStatement":37,"seen":{"f:5:2:5:14":0,"s:6:4:6:Infinity":0,"s:5:38:5:54":1,"s:7:4:7:Infinity":2,"s:11:37:18:Infinity":3,"f:11:37:11:38":1,"b:12:2:14:Infinity:undefined:undefined:undefined:undefined":0,"s:12:2:14:Infinity":4,"b:12:6:12:15:12:15:12:41":1,"s:13:4:13:Infinity":5,"b:15:2:17:Infinity:undefined:undefined:undefined:undefined":2,"s:15:2:17:Infinity":6,"s:16:4:16:Infinity":7,"s:20:29:27:Infinity":8,"f:20:29:20:30":2,"b:21:2:23:Infinity:undefined:undefined:undefined:undefined":3,"s:21:2:23:Infinity":9,"s:22:4:22:Infinity":10,"b:24:2:26:Infinity:undefined:undefined:undefined:undefined":4,"s:24:2:26:Infinity":11,"b:24:6:24:48:24:48:24:88":5,"s:25:4:25:Infinity":12,"s:29:38:36:Infinity":13,"f:29:38:29:39":3,"b:30:2:32:Infinity:undefined:undefined:undefined:undefined":6,"s:30:2:32:Infinity":14,"s:31:4:31:Infinity":15,"b:33:2:35:Infinity:undefined:undefined:undefined:undefined":7,"s:33:2:35:Infinity":16,"b:33:6:33:46:33:46:33:84":8,"s:34:4:34:Infinity":17,"s:38:33:48:Infinity":18,"f:38:33:38:34":4,"b:39:2:41:Infinity:undefined:undefined:undefined:undefined":9,"s:39:2:41:Infinity":19,"s:40:4:40:Infinity":20,"b:42:2:44:Infinity:undefined:undefined:undefined:undefined":10,"s:42:2:44:Infinity":21,"s:43:4:43:Infinity":22,"b:45:2:47:Infinity:undefined:undefined:undefined:undefined":11,"s:45:2:47:Infinity":23,"s:46:4:46:Infinity":24,"s:50:33:69:Infinity":25,"f:50:33:50:34":5,"b:51:2:53:Infinity:undefined:undefined:undefined:undefined":12,"s:51:2:53:Infinity":26,"s:52:4:52:Infinity":27,"b:54:2:56:Infinity:undefined:undefined:undefined:undefined":13,"s:54:2:56:Infinity":28,"s:55:4:55:Infinity":29,"b:57:2:61:Infinity:undefined:undefined:undefined:undefined":14,"s:57:2:61:Infinity":30,"s:58:4:60:Infinity":31,"f:58:53:58:54":6,"s:59:6:59:Infinity":32,"b:62:2:68:Infinity:undefined:undefined:undefined:undefined":15,"s:62:2:68:Infinity":33,"s:63:4:67:Infinity":34,"s:71:29:73:Infinity":35,"f:71:29:71:30":7,"s:72:2:72:Infinity":36}}}
}
