TN:
SF:src/components/AccessibleDialog.tsx
FN:14,(anonymous_0)
FN:24,(anonymous_1)
FN:33,(anonymous_2)
FN:34,(anonymous_3)
FN:41,(anonymous_4)
FN:57,(anonymous_5)
FNF:6
FNH:6
FNDA:6,(anonymous_0)
FNDA:6,(anonymous_1)
FNDA:6,(anonymous_2)
FNDA:2,(anonymous_3)
FNDA:6,(anonymous_4)
FNDA:2,(anonymous_5)
DA:14,1
DA:21,6
DA:22,6
DA:24,6
DA:25,6
DA:26,4
DA:27,4
DA:28,2
DA:29,1
DA:33,6
DA:34,6
DA:35,2
DA:36,1
DA:40,6
DA:41,6
DA:44,6
DA:46,4
DA:57,2
LF:18
LH:18
BRDA:25,0,0,4
BRDA:25,0,1,2
BRDA:28,1,0,1
BRDA:28,1,1,1
BRDA:35,2,0,1
BRDA:35,2,1,1
BRDA:35,3,0,2
BRDA:35,3,1,1
BRDA:44,4,0,2
BRDA:44,4,1,4
BRDA:52,5,0,4
BRDA:52,5,1,3
BRF:12
BRH:12
end_of_record
TN:
SF:src/components/CharacterCreation.tsx
FN:21,(anonymous_0)
FN:27,(anonymous_1)
FN:29,(anonymous_2)
FN:41,(anonymous_3)
FN:51,(anonymous_4)
FN:64,(anonymous_5)
FN:65,loadData
FN:95,(anonymous_7)
FN:96,(anonymous_8)
FN:98,(anonymous_9)
FN:104,(anonymous_10)
FN:110,(anonymous_11)
FN:119,(anonymous_12)
FN:163,(anonymous_13)
FN:174,(anonymous_14)
FN:191,(anonymous_15)
FN:205,(anonymous_16)
FN:220,(anonymous_17)
FN:244,(anonymous_18)
FN:247,(anonymous_19)
FN:282,(anonymous_20)
FN:285,(anonymous_21)
FN:317,(anonymous_22)
FN:329,(anonymous_23)
FN:397,(anonymous_24)
FN:436,(anonymous_25)
FNF:26
FNH:24
FNDA:173,(anonymous_0)
FNDA:18,(anonymous_1)
FNDA:102,(anonymous_2)
FNDA:18,(anonymous_3)
FNDA:18,(anonymous_4)
FNDA:18,(anonymous_5)
FNDA:18,loadData
FNDA:746,(anonymous_7)
FNDA:659,(anonymous_8)
FNDA:79,(anonymous_9)
FNDA:1,(anonymous_10)
FNDA:13,(anonymous_11)
FNDA:78,(anonymous_12)
FNDA:171,(anonymous_13)
FNDA:26,(anonymous_14)
FNDA:7,(anonymous_15)
FNDA:0,(anonymous_16)
FNDA:0,(anonymous_17)
FNDA:134,(anonymous_18)
FNDA:4,(anonymous_19)
FNDA:101,(anonymous_20)
FNDA:4,(anonymous_21)
FNDA:102,(anonymous_22)
FNDA:4,(anonymous_23)
FNDA:78,(anonymous_24)
FNDA:1197,(anonymous_25)
DA:21,4
DA:26,173
DA:27,173
DA:28,18
DA:29,17
DA:30,102
DA:31,102
DA:35,173
DA:36,173
DA:37,173
DA:38,173
DA:39,173
DA:41,173
DA:51,173
DA:52,18
DA:61,18
DA:64,173
DA:66,18
DA:67,18
DA:68,18
DA:72,11
DA:73,11
DA:75,1
DA:77,12
DA:80,18
DA:83,173
DA:93,173
DA:95,746
DA:96,659
DA:98,173
DA:99,79
DA:100,79
DA:104,173
DA:105,1
DA:106,1
DA:110,173
DA:111,13
DA:112,0
DA:113,0
DA:116,13
DA:117,13
DA:119,13
DA:120,78
DA:121,78
DA:122,78
DA:125,13
DA:126,13
DA:160,13
DA:163,173
DA:164,171
DA:166,78
DA:175,26
DA:192,7
DA:206,0
DA:221,0
DA:234,19
DA:245,134
DA:248,4
DA:272,17
DA:283,101
DA:286,4
DA:310,17
DA:318,102
DA:319,102
DA:330,4
DA:348,14
DA:363,13
DA:378,13
DA:398,78
DA:409,0
DA:413,173
DA:414,2
DA:432,171
DA:437,1197
LF:74
LH:69
BRDA:28,0,0,1
BRDA:28,0,1,17
BRDA:99,1,0,79
BRDA:99,1,1,0
BRDA:105,2,0,1
BRDA:105,2,1,0
BRDA:111,3,0,0
BRDA:111,3,1,13
BRDA:120,4,0,78
BRDA:120,4,1,0
BRDA:132,5,0,13
BRDA:132,5,1,9
BRDA:133,6,0,4
BRDA:133,6,1,9
BRDA:136,7,0,13
BRDA:136,7,1,13
BRDA:137,8,0,13
BRDA:137,8,1,13
BRDA:145,9,0,13
BRDA:145,9,1,9
BRDA:164,10,0,78
BRDA:164,10,1,19
BRDA:164,10,2,17
BRDA:164,10,3,17
BRDA:164,10,4,14
BRDA:164,10,5,13
BRDA:164,10,6,13
BRDA:164,10,7,0
BRDA:240,11,0,5
BRDA:240,11,1,14
BRDA:242,12,0,13
BRDA:242,12,1,1
BRDA:251,13,0,4
BRDA:251,13,1,130
BRDA:278,14,0,3
BRDA:278,14,1,14
BRDA:280,15,0,13
BRDA:280,15,1,1
BRDA:289,16,0,4
BRDA:289,16,1,97
BRDA:318,17,0,102
BRDA:318,17,1,0
BRDA:383,18,0,13
BRDA:383,18,1,1
BRDA:386,19,0,13
BRDA:386,19,1,9
BRDA:389,20,0,13
BRDA:389,20,1,9
BRDA:399,21,0,78
BRDA:399,21,1,0
BRDA:413,22,0,2
BRDA:413,22,1,171
BRDA:440,23,0,474
BRDA:440,23,1,723
BRDA:451,24,0,171
BRDA:451,24,1,7
BRDA:477,25,0,13
BRDA:477,25,1,158
BRF:58
BRH:51
end_of_record
TN:
SF:src/components/CharacterSheet.tsx
FN:17,(anonymous_0)
FN:22,(anonymous_1)
FN:27,(anonymous_2)
FN:39,(anonymous_3)
FN:63,(anonymous_4)
FN:73,(anonymous_5)
FN:85,(anonymous_6)
FN:93,(anonymous_7)
FN:94,(anonymous_8)
FN:110,(anonymous_9)
FN:119,(anonymous_10)
FN:134,(anonymous_11)
FN:150,(anonymous_12)
FN:186,(anonymous_13)
FN:201,(anonymous_14)
FN:216,(anonymous_15)
FN:231,(anonymous_16)
FN:243,(anonymous_17)
FN:255,(anonymous_18)
FN:278,(anonymous_19)
FN:291,(anonymous_20)
FN:334,(anonymous_21)
FN:365,(anonymous_22)
FNF:23
FNH:17
FNDA:36,(anonymous_0)
FNDA:7,(anonymous_1)
FNDA:1,(anonymous_2)
FNDA:13,(anonymous_3)
FNDA:1,(anonymous_4)
FNDA:2,(anonymous_5)
FNDA:0,(anonymous_6)
FNDA:20,(anonymous_7)
FNDA:2,(anonymous_8)
FNDA:0,(anonymous_9)
FNDA:0,(anonymous_10)
FNDA:216,(anonymous_11)
FNDA:1,(anonymous_12)
FNDA:1,(anonymous_13)
FNDA:0,(anonymous_14)
FNDA:0,(anonymous_15)
FNDA:1,(anonymous_16)
FNDA:1,(anonymous_17)
FNDA:0,(anonymous_18)
FNDA:443,(anonymous_19)
FNDA:3,(anonymous_20)
FNDA:1,(anonymous_21)
FNDA:1,(anonymous_22)
DA:17,4
DA:22,36
DA:23,7
DA:24,7
DA:27,36
DA:28,1
DA:37,36
DA:39,36
DA:40,13
DA:46,36
DA:63,1
DA:74,2
DA:85,0
DA:93,20
DA:95,2
DA:96,2
DA:97,1
DA:99,1
DA:110,0
DA:119,0
DA:135,216
DA:136,216
DA:137,216
DA:151,1
DA:187,1
DA:202,0
DA:217,0
DA:232,1
DA:244,1
DA:256,0
DA:279,443
DA:280,443
DA:281,443
DA:282,443
DA:283,443
DA:284,443
DA:285,443
DA:286,443
DA:289,443
DA:291,443
DA:292,3
DA:293,3
DA:295,3
DA:296,1
DA:297,2
DA:298,1
DA:300,1
DA:303,3
DA:309,443
DA:335,1
DA:365,1
LF:51
LH:45
BRDA:24,0,0,1
BRDA:24,0,1,6
BRDA:84,1,0,36
BRDA:84,1,1,16
BRDA:95,2,0,2
BRDA:95,2,1,1
BRDA:96,3,0,1
BRDA:96,3,1,1
BRDA:109,4,0,36
BRDA:109,4,1,36
BRDA:118,5,0,36
BRDA:118,5,1,36
BRDA:135,6,0,216
BRDA:135,6,1,0
BRDA:185,7,0,36
BRDA:185,7,1,0
BRDA:200,8,0,36
BRDA:200,8,1,0
BRDA:215,9,0,36
BRDA:215,9,1,0
BRDA:230,10,0,36
BRDA:230,10,1,0
BRDA:242,11,0,36
BRDA:242,11,1,0
BRDA:271,12,0,36
BRDA:271,12,1,36
BRDA:271,12,2,35
BRDA:279,13,0,443
BRDA:279,13,1,0
BRDA:282,14,0,443
BRDA:282,14,1,442
BRDA:283,15,0,443
BRDA:283,15,1,442
BRDA:284,16,0,2
BRDA:284,16,1,441
BRDA:284,17,0,1
BRDA:284,17,1,1
BRDA:285,18,0,443
BRDA:285,18,1,443
BRDA:289,19,0,443
BRDA:289,19,1,442
BRDA:295,20,0,1
BRDA:295,20,1,2
BRDA:295,21,0,3
BRDA:295,21,1,2
BRDA:297,22,0,1
BRDA:297,22,1,1
BRDA:305,23,0,1
BRDA:305,23,1,2
BRDA:321,24,0,1
BRDA:321,24,1,442
BRDA:321,25,0,1
BRDA:321,25,1,441
BRDA:330,26,0,443
BRDA:330,26,1,1
BRDA:364,27,0,36
BRDA:364,27,1,36
BRF:57
BRH:50
end_of_record
TN:
SF:src/components/CharacterSheetTabs.tsx
FN:24,(anonymous_0)
FN:38,(anonymous_1)
FN:48,(anonymous_2)
FN:51,loadTabData
FN:82,(anonymous_4)
FN:130,(anonymous_5)
FN:138,(anonymous_6)
FN:153,(anonymous_7)
FN:156,(anonymous_8)
FN:169,(anonymous_9)
FN:192,(anonymous_10)
FN:199,(anonymous_11)
FN:216,(anonymous_12)
FN:255,(anonymous_13)
FNF:14
FNH:14
FNDA:65,(anonymous_0)
FNDA:20,(anonymous_1)
FNDA:55,(anonymous_2)
FNDA:55,loadTabData
FNDA:6,(anonymous_4)
FNDA:41,(anonymous_5)
FNDA:1,(anonymous_6)
FNDA:1,(anonymous_7)
FNDA:1,(anonymous_8)
FNDA:5,(anonymous_9)
FNDA:1,(anonymous_10)
FNDA:1,(anonymous_11)
FNDA:1,(anonymous_12)
FNDA:1,(anonymous_13)
DA:24,4
DA:29,65
DA:30,65
DA:31,65
DA:32,65
DA:33,65
DA:34,65
DA:35,65
DA:36,65
DA:38,65
DA:39,20
DA:40,20
DA:41,20
DA:42,20
DA:43,20
DA:44,20
DA:45,20
DA:48,65
DA:49,55
DA:52,55
DA:54,7
DA:55,7
DA:56,7
DA:58,4
DA:59,4
DA:60,3
DA:62,3
DA:64,1
DA:65,1
DA:66,1
DA:68,1
DA:70,1
DA:71,1
DA:72,1
DA:74,1
DA:76,1
DA:77,1
DA:78,1
DA:80,1
DA:82,6
DA:86,7
DA:90,55
DA:93,65
DA:130,41
DA:139,1
DA:151,1
DA:154,1
DA:156,1
DA:158,1
DA:169,5
DA:192,1
DA:199,1
DA:216,1
DA:255,1
LF:54
LH:54
BRDA:52,0,0,48
BRDA:52,0,1,7
BRDA:52,1,0,55
BRDA:52,1,1,15
BRDA:56,2,0,7
BRDA:56,2,1,1
BRDA:56,2,2,1
BRDA:56,2,3,1
BRDA:58,3,0,4
BRDA:58,3,1,0
BRDA:64,4,0,1
BRDA:64,4,1,0
BRDA:70,5,0,1
BRDA:70,5,1,0
BRDA:76,6,0,1
BRDA:76,6,1,0
BRDA:132,7,0,41
BRDA:132,7,1,0
BRDA:166,8,0,7
BRDA:166,8,1,58
BRDA:168,9,0,5
BRDA:168,9,1,53
BRDA:174,10,0,3
BRDA:174,10,1,2
BRDA:174,11,0,3
BRDA:174,11,1,0
BRDA:175,12,0,5
BRDA:175,12,1,0
BRDA:175,13,0,5
BRDA:175,13,1,5
BRDA:175,14,0,0
BRDA:175,14,1,0
BRDA:176,15,0,3
BRDA:176,15,1,2
BRDA:176,16,0,5
BRDA:176,16,1,5
BRDA:176,17,0,3
BRDA:176,17,1,0
BRDA:176,18,0,2
BRDA:176,18,1,0
BRDA:178,19,0,5
BRDA:178,19,1,3
BRDA:189,20,0,7
BRDA:189,20,1,58
BRDA:191,21,0,1
BRDA:191,21,1,57
BRDA:193,22,0,1
BRDA:193,22,1,1
BRDA:200,23,0,1
BRDA:200,23,1,1
BRDA:201,24,0,1
BRDA:201,24,1,1
BRDA:213,25,0,7
BRDA:213,25,1,58
BRDA:215,26,0,1
BRDA:215,26,1,57
BRDA:220,27,0,1
BRDA:220,27,1,1
BRDA:221,28,0,1
BRDA:221,28,1,0
BRDA:222,29,0,1
BRDA:222,29,1,0
BRDA:233,30,0,64
BRDA:233,30,1,1
BRDA:236,31,0,7
BRDA:236,31,1,57
BRDA:238,32,0,2
BRDA:238,32,1,55
BRF:68
BRH:55
end_of_record
TN:
SF:src/components/ClassFeatureBrowser.tsx
FN:18,(anonymous_0)
FN:27,(anonymous_1)
FN:27,(anonymous_2)
FN:31,(anonymous_3)
FN:32,(anonymous_4)
FN:44,(anonymous_5)
FN:46,(anonymous_6)
FN:64,(anonymous_7)
FN:72,(anonymous_8)
FN:81,(anonymous_9)
FN:84,(anonymous_10)
FN:104,(anonymous_11)
FN:105,(anonymous_12)
FN:109,(anonymous_13)
FN:115,(anonymous_14)
FN:144,(anonymous_15)
FN:154,(anonymous_16)
FNF:17
FNH:16
FNDA:10,(anonymous_0)
FNDA:2,(anonymous_1)
FNDA:4,(anonymous_2)
FNDA:9,(anonymous_3)
FNDA:18,(anonymous_4)
FNDA:9,(anonymous_5)
FNDA:11,(anonymous_6)
FNDA:6,(anonymous_7)
FNDA:0,(anonymous_8)
FNDA:20,(anonymous_9)
FNDA:1,(anonymous_10)
FNDA:4,(anonymous_11)
FNDA:13,(anonymous_12)
FNDA:13,(anonymous_13)
FNDA:1,(anonymous_14)
FNDA:1,(anonymous_15)
FNDA:1,(anonymous_16)
DA:18,1
DA:22,10
DA:23,10
DA:24,10
DA:26,10
DA:27,4
DA:31,10
DA:32,9
DA:34,18
DA:38,18
DA:40,18
DA:44,10
DA:45,9
DA:46,9
DA:47,11
DA:48,11
DA:50,11
DA:52,9
DA:55,10
DA:64,6
DA:72,0
DA:82,20
DA:84,1
DA:104,4
DA:106,13
DA:110,13
DA:116,1
DA:145,1
DA:154,1
LF:29
LH:28
BRDA:34,0,0,18
BRDA:34,0,1,6
BRDA:38,1,0,18
BRDA:38,1,1,2
BRDA:40,2,0,18
BRDA:40,2,1,12
BRDA:47,3,0,11
BRDA:47,3,1,0
BRDA:74,4,0,9
BRDA:74,4,1,1
BRDA:86,5,0,1
BRDA:86,5,1,19
BRDA:117,6,0,0
BRDA:117,6,1,1
BRDA:128,7,0,1
BRDA:128,7,1,12
BRDA:135,8,0,13
BRDA:135,8,1,1
BRDA:138,9,0,1
BRDA:138,9,1,1
BRDA:152,10,0,1
BRDA:152,10,1,1
BRDA:168,11,0,10
BRDA:168,11,1,1
BRF:24
BRH:22
end_of_record
TN:
SF:src/components/DataManagement.tsx
FN:14,(anonymous_0)
FN:23,(anonymous_1)
FN:37,(anonymous_2)
FN:44,(anonymous_3)
FN:48,(anonymous_4)
FN:58,(anonymous_5)
FN:69,(anonymous_6)
FN:74,(anonymous_7)
FNF:8
FNH:5
FNDA:66,(anonymous_0)
FNDA:3,(anonymous_1)
FNDA:0,(anonymous_2)
FNDA:1,(anonymous_3)
FNDA:5,(anonymous_4)
FNDA:0,(anonymous_5)
FNDA:5,(anonymous_6)
FNDA:0,(anonymous_7)
DA:14,4
DA:19,66
DA:20,66
DA:21,66
DA:23,66
DA:24,3
DA:25,3
DA:26,3
DA:27,3
DA:28,3
DA:29,3
DA:30,3
DA:31,3
DA:32,3
DA:33,3
DA:34,3
DA:35,3
DA:36,3
DA:37,3
DA:39,2
DA:40,2
DA:44,66
DA:45,1
DA:48,66
DA:49,5
DA:50,5
DA:52,4
DA:53,4
DA:54,4
DA:55,4
DA:56,4
DA:57,4
DA:58,4
DA:60,2
DA:61,2
DA:64,4
DA:65,4
DA:69,66
DA:70,5
DA:71,3
DA:72,3
DA:73,3
DA:74,3
DA:78,66
LF:44
LH:44
BRDA:39,0,0,1
BRDA:39,0,1,1
BRDA:50,1,0,1
BRDA:50,1,1,4
BRDA:60,2,0,1
BRDA:60,2,1,1
BRDA:64,3,0,4
BRDA:64,3,1,0
BRDA:70,4,0,3
BRDA:70,4,1,2
BRDA:87,5,0,66
BRDA:87,5,1,4
BRDA:93,6,0,66
BRDA:93,6,1,5
BRF:14
BRH:13
end_of_record
TN:
SF:src/components/EquipmentBrowser.tsx
FN:20,(anonymous_0)
FN:29,(anonymous_1)
FN:29,(anonymous_2)
FN:34,(anonymous_3)
FN:34,(anonymous_4)
FN:38,(anonymous_5)
FN:39,(anonymous_6)
FN:61,(anonymous_7)
FN:73,(anonymous_8)
FN:77,(anonymous_9)
FN:90,(anonymous_10)
FN:94,(anonymous_11)
FN:105,(anonymous_12)
FN:126,(anonymous_13)
FN:129,(anonymous_14)
FN:153,(anonymous_15)
FNF:16
FNH:16
FNDA:25,(anonymous_0)
FNDA:4,(anonymous_1)
FNDA:8,(anonymous_2)
FNDA:4,(anonymous_3)
FNDA:8,(anonymous_4)
FNDA:25,(anonymous_5)
FNDA:50,(anonymous_6)
FNDA:18,(anonymous_7)
FNDA:1,(anonymous_8)
FNDA:50,(anonymous_9)
FNDA:1,(anonymous_10)
FNDA:50,(anonymous_11)
FNDA:1,(anonymous_12)
FNDA:24,(anonymous_13)
FNDA:1,(anonymous_14)
FNDA:11,(anonymous_15)
DA:20,4
DA:24,25
DA:25,25
DA:26,25
DA:28,25
DA:29,8
DA:33,25
DA:34,8
DA:38,25
DA:39,25
DA:41,50
DA:44,50
DA:46,50
DA:48,50
DA:52,25
DA:61,18
DA:73,1
DA:78,50
DA:90,1
DA:95,50
DA:106,1
DA:107,1
DA:108,1
DA:127,24
DA:129,1
DA:154,11
LF:26
LH:26
BRDA:41,0,0,50
BRDA:41,0,1,26
BRDA:44,1,0,50
BRDA:44,1,1,4
BRDA:46,2,0,50
BRDA:46,2,1,2
BRDA:48,3,0,50
BRDA:48,3,1,26
BRDA:48,3,2,24
BRDA:72,4,0,25
BRDA:72,4,1,23
BRDA:73,5,0,1
BRDA:73,5,1,0
BRDA:89,6,0,25
BRDA:89,6,1,24
BRDA:90,7,0,1
BRDA:90,7,1,0
BRDA:125,8,0,15
BRDA:125,8,1,10
BRDA:151,9,0,24
BRDA:151,9,1,11
BRDA:151,9,2,11
BRF:22
BRH:20
end_of_record
TN:
SF:src/components/ErrorBoundary.tsx
FN:25,(anonymous_0)
FN:29,(anonymous_1)
FN:48,(anonymous_2)
FN:56,(anonymous_3)
FN:100,(anonymous_4)
FNF:5
FNH:5
FNDA:25,(anonymous_0)
FNDA:6,(anonymous_1)
FNDA:1,(anonymous_2)
FNDA:45,(anonymous_3)
FNDA:1,(anonymous_4)
DA:19,25
DA:26,12
DA:31,6
DA:42,6
DA:48,1
DA:49,1
DA:57,45
DA:58,18
DA:59,3
DA:62,15
DA:100,1
DA:111,27
LF:12
LH:12
BRDA:57,0,0,18
BRDA:57,0,1,27
BRDA:58,1,0,3
BRDA:58,1,1,15
BRDA:79,2,0,15
BRDA:79,2,1,15
BRDA:86,3,0,18
BRDA:86,3,1,3
BRDA:86,3,2,1
BRF:9
BRH:9
end_of_record
TN:
SF:src/components/FeatBrowser.tsx
FN:19,(anonymous_0)
FN:27,(anonymous_1)
FN:28,(anonymous_2)
FN:49,(anonymous_3)
FN:60,(anonymous_4)
FN:75,(anonymous_5)
FN:81,(anonymous_6)
FN:109,(anonymous_7)
FN:122,(anonymous_8)
FN:133,(anonymous_9)
FNF:10
FNH:10
FNDA:22,(anonymous_0)
FNDA:21,(anonymous_1)
FNDA:42,(anonymous_2)
FNDA:16,(anonymous_3)
FNDA:1,(anonymous_4)
FNDA:19,(anonymous_5)
FNDA:1,(anonymous_6)
FNDA:1,(anonymous_7)
FNDA:1,(anonymous_8)
FNDA:1,(anonymous_9)
DA:19,4
DA:23,22
DA:24,22
DA:25,22
DA:27,22
DA:28,21
DA:30,42
DA:33,42
DA:34,42
DA:36,42
DA:40,22
DA:49,16
DA:60,1
DA:76,19
DA:82,1
DA:110,1
DA:123,1
DA:133,1
LF:18
LH:18
BRDA:30,0,0,42
BRDA:30,0,1,26
BRDA:33,1,0,42
BRDA:33,1,1,21
BRDA:34,2,0,42
BRDA:34,2,1,2
BRDA:36,3,0,42
BRDA:36,3,1,18
BRDA:74,4,0,12
BRDA:74,4,1,10
BRDA:82,5,0,0
BRDA:82,5,1,1
BRDA:92,6,0,1
BRDA:92,6,1,18
BRDA:99,7,0,19
BRDA:99,7,1,1
BRDA:103,8,0,1
BRDA:103,8,1,1
BRDA:103,8,2,1
BRDA:118,9,0,1
BRDA:118,9,1,1
BRDA:131,10,0,1
BRDA:131,10,1,1
BRF:23
BRH:22
end_of_record
TN:
SF:src/components/GameSystemSelector.tsx
FN:19,(anonymous_0)
FN:31,(anonymous_1)
FN:36,(anonymous_2)
FNF:3
FNH:3
FNDA:56,(anonymous_0)
FNDA:336,(anonymous_1)
FNDA:13,(anonymous_2)
DA:10,4
DA:19,4
DA:23,56
DA:32,336
DA:33,336
DA:36,13
LF:6
LH:6
BRDA:38,0,0,21
BRDA:38,0,1,315
BRDA:49,1,0,336
BRDA:49,1,1,336
BRDA:55,2,0,336
BRDA:55,2,1,280
BRDA:61,3,0,336
BRDA:61,3,1,112
BRDA:67,4,0,336
BRDA:67,4,1,112
BRDA:75,5,0,336
BRDA:75,5,1,21
BRF:12
BRH:12
end_of_record
TN:
SF:src/components/InventoryManager.tsx
FN:20,(anonymous_0)
FN:25,(anonymous_1)
FN:30,(anonymous_2)
FN:44,(anonymous_3)
FN:46,(anonymous_4)
FN:84,(anonymous_5)
FN:101,(anonymous_6)
FN:114,(anonymous_7)
FN:130,(anonymous_8)
FN:144,(anonymous_9)
FN:156,(anonymous_10)
FN:172,(anonymous_11)
FN:184,(anonymous_12)
FN:210,(anonymous_13)
FNF:14
FNH:14
FNDA:31,(anonymous_0)
FNDA:1,(anonymous_1)
FNDA:1,(anonymous_2)
FNDA:2,(anonymous_3)
FNDA:1,(anonymous_4)
FNDA:2,(anonymous_5)
FNDA:5,(anonymous_6)
FNDA:1,(anonymous_7)
FNDA:1,(anonymous_8)
FNDA:1,(anonymous_9)
FNDA:14,(anonymous_10)
FNDA:1,(anonymous_11)
FNDA:2,(anonymous_12)
FNDA:1,(anonymous_13)
DA:20,4
DA:25,31
DA:26,1
DA:27,1
DA:30,31
DA:31,1
DA:32,1
DA:35,31
DA:36,31
DA:44,31
DA:46,31
DA:47,1
DA:48,1
DA:51,1
DA:54,1
DA:62,1
DA:69,1
DA:73,31
DA:84,2
DA:102,5
DA:115,1
DA:131,1
DA:145,1
DA:157,14
DA:172,1
DA:185,2
DA:210,1
LF:27
LH:27
BRDA:27,0,0,0
BRDA:27,0,1,1
BRDA:32,1,0,0
BRDA:32,1,1,1
BRDA:47,2,0,1
BRDA:47,2,1,0
BRDA:47,3,0,1
BRDA:47,3,1,1
BRDA:48,4,0,1
BRDA:48,4,1,0
BRDA:48,5,0,1
BRDA:48,5,1,1
BRDA:51,6,0,1
BRDA:51,6,1,0
BRDA:51,7,0,1
BRDA:51,7,1,1
BRDA:59,8,0,1
BRDA:59,8,1,0
BRDA:93,9,0,31
BRDA:93,9,1,24
BRDA:100,10,0,24
BRDA:100,10,1,2
BRDA:113,11,0,24
BRDA:113,11,1,0
BRDA:129,12,0,24
BRDA:129,12,1,0
BRDA:143,13,0,24
BRDA:143,13,1,0
BRDA:155,14,0,24
BRDA:155,14,1,10
BRDA:183,15,0,2
BRDA:183,15,1,29
BRDA:202,16,0,2
BRDA:202,16,1,2
BRF:34
BRH:25
end_of_record
TN:
SF:src/components/LoadingSpinner.tsx
FN:10,(anonymous_0)
FNF:1
FNH:1
FNDA:5,(anonymous_0)
DA:10,1
DA:15,5
DA:22,5
DA:28,5
DA:29,1
DA:36,4
LF:6
LH:6
BRDA:11,0,0,5
BRDA:13,1,0,5
BRDA:24,2,0,5
BRDA:24,2,1,2
BRDA:28,3,0,1
BRDA:28,3,1,4
BRF:6
BRH:6
end_of_record
TN:
SF:src/components/MonsterBrowser.tsx
FN:10,(anonymous_0)
FN:20,(anonymous_1)
FN:20,(anonymous_2)
FN:25,(anonymous_3)
FN:25,(anonymous_4)
FN:25,(anonymous_5)
FN:30,(anonymous_6)
FN:30,(anonymous_7)
FN:34,(anonymous_8)
FN:35,(anonymous_9)
FN:38,(anonymous_10)
FN:56,(anonymous_11)
FN:61,(anonymous_12)
FN:77,(anonymous_13)
FN:90,(anonymous_14)
FN:95,(anonymous_15)
FN:108,(anonymous_16)
FN:113,(anonymous_17)
FN:126,(anonymous_18)
FN:131,(anonymous_19)
FN:159,(anonymous_20)
FN:162,(anonymous_21)
FN:197,(anonymous_22)
FN:205,(anonymous_23)
FNF:24
FNH:24
FNDA:26,(anonymous_0)
FNDA:4,(anonymous_1)
FNDA:8,(anonymous_2)
FNDA:4,(anonymous_3)
FNDA:8,(anonymous_4)
FNDA:4,(anonymous_5)
FNDA:4,(anonymous_6)
FNDA:8,(anonymous_7)
FNDA:26,(anonymous_8)
FNDA:52,(anonymous_9)
FNDA:34,(anonymous_10)
FNDA:52,(anonymous_11)
FNDA:1,(anonymous_12)
FNDA:17,(anonymous_13)
FNDA:2,(anonymous_14)
FNDA:52,(anonymous_15)
FNDA:1,(anonymous_16)
FNDA:52,(anonymous_17)
FNDA:1,(anonymous_18)
FNDA:52,(anonymous_19)
FNDA:32,(anonymous_20)
FNDA:1,(anonymous_21)
FNDA:42,(anonymous_22)
FNDA:32,(anonymous_23)
DA:10,4
DA:14,26
DA:15,26
DA:16,26
DA:17,26
DA:19,26
DA:20,8
DA:24,26
DA:25,8
DA:29,26
DA:30,8
DA:34,26
DA:35,26
DA:37,52
DA:39,34
DA:44,52
DA:47,52
DA:50,52
DA:52,52
DA:56,26
DA:57,52
DA:58,26
DA:61,26
DA:62,1
DA:63,1
DA:64,1
DA:65,1
DA:68,26
DA:77,17
DA:90,2
DA:96,52
DA:108,1
DA:114,52
DA:126,1
DA:132,52
DA:160,32
DA:162,1
DA:197,42
DA:205,32
LF:39
LH:39
BRDA:37,0,0,52
BRDA:37,0,1,34
BRDA:39,1,0,34
BRDA:39,1,1,19
BRDA:44,2,0,52
BRDA:44,2,1,8
BRDA:47,3,0,52
BRDA:47,3,1,4
BRDA:50,4,0,52
BRDA:50,4,1,2
BRDA:52,5,0,52
BRDA:52,5,1,33
BRDA:52,5,2,32
BRDA:52,5,3,32
BRDA:57,6,0,26
BRDA:57,6,1,26
BRDA:89,7,0,26
BRDA:89,7,1,22
BRDA:90,8,0,2
BRDA:90,8,1,0
BRDA:107,9,0,26
BRDA:107,9,1,24
BRDA:108,10,0,1
BRDA:108,10,1,0
BRDA:125,11,0,26
BRDA:125,11,1,25
BRDA:126,12,0,1
BRDA:126,12,1,0
BRDA:158,13,0,25
BRDA:158,13,1,1
BRDA:191,14,0,32
BRDA:191,14,1,0
BRDA:195,15,0,11
BRDA:195,15,1,21
BRDA:201,16,0,32
BRDA:201,16,1,32
BRDA:201,16,2,32
BRDA:206,17,0,32
BRDA:206,17,1,0
BRF:39
BRH:34
end_of_record
TN:
SF:src/components/MonsterStatBlock.tsx
FN:10,(anonymous_0)
FN:11,(anonymous_1)
FN:16,(anonymous_2)
FN:21,(anonymous_3)
FN:78,(anonymous_4)
FN:93,(anonymous_5)
FN:104,(anonymous_6)
FN:163,(anonymous_7)
FN:181,(anonymous_8)
FN:196,(anonymous_9)
FN:214,(anonymous_10)
FNF:11
FNH:11
FNDA:2,(anonymous_0)
FNDA:12,(anonymous_1)
FNDA:2,(anonymous_2)
FNDA:3,(anonymous_3)
FNDA:12,(anonymous_4)
FNDA:4,(anonymous_5)
FNDA:2,(anonymous_6)
FNDA:1,(anonymous_7)
FNDA:2,(anonymous_8)
FNDA:1,(anonymous_9)
FNDA:1,(anonymous_10)
DA:10,4
DA:11,2
DA:12,12
DA:13,12
DA:16,2
DA:17,2
DA:18,1
DA:20,1
DA:21,3
DA:25,2
DA:79,12
DA:94,4
DA:105,2
DA:164,1
DA:182,2
DA:197,1
DA:215,1
LF:17
LH:17
BRDA:13,0,0,10
BRDA:13,0,1,2
BRDA:17,1,0,1
BRDA:17,1,1,1
BRDA:61,2,0,2
BRDA:61,2,1,0
BRDA:61,3,0,0
BRDA:61,3,1,0
BRDA:90,4,0,2
BRDA:90,4,1,1
BRDA:90,4,2,1
BRDA:95,5,0,4
BRDA:95,5,1,0
BRDA:101,6,0,2
BRDA:101,6,1,1
BRDA:101,6,2,1
BRDA:106,7,0,2
BRDA:106,7,1,0
BRDA:112,8,0,2
BRDA:112,8,1,1
BRDA:112,8,2,1
BRDA:119,9,0,2
BRDA:119,9,1,1
BRDA:119,9,2,1
BRDA:126,10,0,2
BRDA:126,10,1,1
BRDA:126,10,2,1
BRDA:133,11,0,2
BRDA:133,11,1,1
BRDA:133,11,2,1
BRDA:140,12,0,2
BRDA:140,12,1,2
BRDA:140,12,2,2
BRDA:147,13,0,2
BRDA:147,13,1,2
BRDA:147,13,2,1
BRDA:150,14,0,0
BRDA:150,14,1,1
BRDA:156,15,0,2
BRDA:156,15,1,1
BRDA:156,15,2,1
BRDA:174,16,0,2
BRDA:174,16,1,2
BRDA:174,16,2,2
BRDA:192,17,0,2
BRDA:192,17,1,1
BRDA:192,17,2,1
BRDA:207,18,0,2
BRDA:207,18,1,1
BRDA:207,18,2,1
BRDA:217,19,0,1
BRDA:217,19,1,1
BRDA:217,19,2,0
BRF:53
BRH:46
end_of_record
TN:
SF:src/components/SpellBrowser.tsx
FN:21,(anonymous_0)
FN:31,(anonymous_1)
FN:31,(anonymous_2)
FN:36,(anonymous_3)
FN:36,(anonymous_4)
FN:40,(anonymous_5)
FN:41,(anonymous_6)
FN:59,(anonymous_7)
FN:75,(anonymous_8)
FN:88,(anonymous_9)
FN:95,(anonymous_10)
FN:108,(anonymous_11)
FN:113,(anonymous_12)
FN:126,(anonymous_13)
FN:131,(anonymous_14)
FN:159,(anonymous_15)
FN:162,(anonymous_16)
FNF:17
FNH:17
FNDA:34,(anonymous_0)
FNDA:7,(anonymous_1)
FNDA:28,(anonymous_2)
FNDA:7,(anonymous_3)
FNDA:28,(anonymous_4)
FNDA:34,(anonymous_5)
FNDA:136,(anonymous_6)
FNDA:1,(anonymous_7)
FNDA:23,(anonymous_8)
FNDA:1,(anonymous_9)
FNDA:340,(anonymous_10)
FNDA:1,(anonymous_11)
FNDA:102,(anonymous_12)
FNDA:1,(anonymous_13)
FNDA:136,(anonymous_14)
FNDA:63,(anonymous_15)
FNDA:1,(anonymous_16)
DA:21,4
DA:25,34
DA:26,34
DA:27,34
DA:28,34
DA:30,34
DA:31,28
DA:35,34
DA:36,28
DA:40,34
DA:41,34
DA:43,136
DA:47,136
DA:50,136
DA:53,136
DA:55,136
DA:59,34
DA:60,1
DA:61,1
DA:62,1
DA:63,1
DA:66,34
DA:75,23
DA:89,1
DA:96,340
DA:108,1
DA:114,102
DA:126,1
DA:132,136
DA:160,63
DA:162,1
LF:31
LH:31
BRDA:43,0,0,136
BRDA:43,0,1,82
BRDA:47,1,0,136
BRDA:47,1,1,4
BRDA:50,2,0,136
BRDA:50,2,1,4
BRDA:53,3,0,136
BRDA:53,3,1,4
BRDA:55,4,0,136
BRDA:55,4,1,71
BRDA:55,4,2,69
BRDA:55,4,3,66
BRDA:87,5,0,34
BRDA:87,5,1,33
BRDA:89,6,0,1
BRDA:89,6,1,0
BRDA:97,7,0,34
BRDA:97,7,1,306
BRDA:107,8,0,34
BRDA:107,8,1,33
BRDA:108,9,0,1
BRDA:108,9,1,0
BRDA:125,10,0,34
BRDA:125,10,1,33
BRDA:126,11,0,1
BRDA:126,11,1,0
BRDA:158,12,0,34
BRDA:158,12,1,0
BRF:28
BRH:24
end_of_record
TN:
SF:src/components/SystemStatusDashboard.tsx
FN:17,(anonymous_0)
FN:27,(anonymous_1)
FN:31,(anonymous_2)
FN:33,(anonymous_3)
FN:45,(anonymous_4)
FN:60,(anonymous_5)
FN:71,(anonymous_6)
FN:95,(anonymous_7)
FN:175,(anonymous_8)
FN:181,(anonymous_9)
FN:187,(anonymous_10)
FN:193,(anonymous_11)
FN:199,(anonymous_12)
FN:205,(anonymous_13)
FNF:14
FNH:13
FNDA:67,(anonymous_0)
FNDA:22,(anonymous_1)
FNDA:22,(anonymous_2)
FNDA:132,(anonymous_3)
FNDA:92,(anonymous_4)
FNDA:0,(anonymous_5)
FNDA:22,(anonymous_6)
FNDA:402,(anonymous_7)
FNDA:402,(anonymous_8)
FNDA:402,(anonymous_9)
FNDA:402,(anonymous_10)
FNDA:402,(anonymous_11)
FNDA:402,(anonymous_12)
FNDA:402,(anonymous_13)
DA:17,3
DA:18,67
DA:27,67
DA:28,22
DA:29,22
DA:31,22
DA:32,22
DA:34,132
DA:35,132
DA:44,108
DA:45,92
DA:59,0
DA:60,0
DA:70,22
DA:71,22
DA:72,22
DA:76,67
DA:85,67
DA:96,402
DA:175,402
DA:181,402
DA:187,402
DA:193,402
DA:199,402
DA:205,402
LF:25
LH:23
BRDA:44,0,0,92
BRDA:44,0,1,16
BRDA:59,1,0,0
BRDA:59,1,1,0
BRDA:105,2,0,402
BRDA:105,2,1,150
BRDA:108,3,0,402
BRDA:108,3,1,252
BRDA:113,4,0,150
BRDA:113,4,1,252
BRF:10
BRH:8
end_of_record
TN:
SF:src/utils/browserCompat.ts
FN:37,checkBrowserCapabilities
FN:95,generateUUID
FN:101,(anonymous_2)
FN:111,isBrowserSupported
FN:133,showCompatibilityWarning
FN:161,initBrowserCompat
FNF:6
FNH:6
FNDA:34,checkBrowserCapabilities
FNDA:13,generateUUID
FNDA:31,(anonymous_2)
FNDA:17,isBrowserSupported
FNDA:1,showCompatibilityWarning
FNDA:16,initBrowserCompat
DA:38,34
DA:39,34
DA:40,34
DA:49,34
DA:50,34
DA:51,34
DA:52,34
DA:53,34
DA:54,34
DA:56,0
DA:66,34
DA:69,34
DA:73,34
DA:76,34
DA:78,34
DA:96,13
DA:97,12
DA:101,1
DA:102,31
DA:103,31
DA:104,31
DA:112,17
DA:115,17
DA:117,17
DA:118,1
DA:127,17
DA:134,1
DA:136,1
DA:137,1
DA:139,1
DA:140,1
DA:142,1
DA:151,1
DA:152,1
DA:153,1
DA:162,16
DA:164,16
DA:165,0
DA:167,16
LF:39
LH:37
BRDA:49,0,0,34
BRDA:49,0,1,0
BRDA:49,1,0,34
BRDA:49,1,1,34
BRDA:66,2,0,34
BRDA:66,2,1,33
BRDA:70,3,0,34
BRDA:70,3,1,34
BRDA:70,3,2,0
BRDA:70,4,0,0
BRDA:70,4,1,0
BRDA:73,5,0,34
BRDA:73,5,1,34
BRDA:76,6,0,34
BRDA:76,6,1,34
BRDA:96,7,0,12
BRDA:96,7,1,1
BRDA:96,8,0,13
BRDA:96,8,1,12
BRDA:103,9,0,30
BRDA:103,9,1,1
BRDA:115,10,0,17
BRDA:115,10,1,17
BRDA:117,11,0,1
BRDA:117,11,1,16
BRDA:136,12,0,1
BRDA:136,12,1,0
BRDA:137,13,0,1
BRDA:137,13,1,0
BRDA:139,14,0,1
BRDA:139,14,1,0
BRDA:151,15,0,1
BRDA:151,15,1,0
BRDA:164,16,0,0
BRDA:164,16,1,16
BRF:35
BRH:26
end_of_record
TN:
SF:src/utils/dataLoader.ts
FN:29,dedupeById
FN:33,(anonymous_1)
FN:44,finalizeLoadedItems
FN:49,(anonymous_3)
FN:63,loadDnd5e2024Spells
FN:78,(anonymous_5)
FN:79,(anonymous_6)
FN:97,loadDnd5e2024Classes
FN:100,(anonymous_8)
FN:111,loadDnd5e2024Species
FN:115,(anonymous_10)
FN:117,(anonymous_11)
FN:132,loadDnd5e2024Monsters
FN:137,loadDnd5e2024Equipment
FN:141,(anonymous_14)
FN:143,(anonymous_15)
FN:158,loadDnd5e2024Feats
FN:162,(anonymous_17)
FN:164,(anonymous_18)
FN:171,(anonymous_19)
FN:173,(anonymous_20)
FN:188,loadDnd5e2014Spells
FN:204,(anonymous_22)
FN:205,(anonymous_23)
FN:226,loadDnd5e2014Classes
FN:231,loadDnd5e2014Species
FN:236,loadDnd5e2014Monsters
FN:241,(anonymous_27)
FN:253,loadDnd5e2014Equipment
FN:258,loadDnd5e2014Feats
FN:263,loadPf2eSpells
FN:278,loadPf2eClasses
FN:283,loadPf2eSpecies
FN:288,loadPf2eFeats
FN:291,(anonymous_34)
FN:293,(anonymous_35)
FN:300,loadDnd35eSpells
FN:305,loadDnd35eClasses
FN:310,loadDnd35eSpecies
FN:315,loadDnd35eEquipment
FN:324,(anonymous_40)
FN:330,loadDnd35eFeats
FN:346,loadPf1eSpells
FN:361,loadPf1eClasses
FN:366,loadPf1eSpecies
FN:371,loadPf1eEquipment
FN:379,(anonymous_46)
FN:385,loadPf1eFeats
FN:403,loadMam3ePowers
FN:407,(anonymous_49)
FN:409,(anonymous_50)
FN:419,loadMam3eEquipment
FN:422,(anonymous_52)
FN:427,(anonymous_53)
FN:450,loadSpellsForSystem
FN:490,loadClassesForSystem
FN:524,loadSpeciesForSystem
FN:558,loadMonstersForSystem
FN:583,loadEquipmentForSystem
FN:617,loadFeatsForSystem
FNF:60
FNH:59
FNDA:553,dedupeById
FNDA:82379,(anonymous_1)
FNDA:553,finalizeLoadedItems
FNDA:82379,(anonymous_3)
FNDA:23,loadDnd5e2024Spells
FNDA:230,(anonymous_5)
FNDA:230,(anonymous_6)
FNDA:35,loadDnd5e2024Classes
FNDA:360,(anonymous_8)
FNDA:34,loadDnd5e2024Species
FNDA:58,(anonymous_10)
FNDA:261,(anonymous_11)
FNDA:22,loadDnd5e2024Monsters
FNDA:23,loadDnd5e2024Equipment
FNDA:114,(anonymous_14)
FNDA:7752,(anonymous_15)
FNDA:23,loadDnd5e2024Feats
FNDA:38,(anonymous_17)
FNDA:0,(anonymous_18)
FNDA:76,(anonymous_19)
FNDA:1653,(anonymous_20)
FNDA:24,loadDnd5e2014Spells
FNDA:240,(anonymous_22)
FNDA:480,(anonymous_23)
FNDA:23,loadDnd5e2014Classes
FNDA:23,loadDnd5e2014Species
FNDA:23,loadDnd5e2014Monsters
FNDA:779,(anonymous_27)
FNDA:23,loadDnd5e2014Equipment
FNDA:22,loadDnd5e2014Feats
FNDA:23,loadPf2eSpells
FNDA:23,loadPf2eClasses
FNDA:23,loadPf2eSpecies
FNDA:22,loadPf2eFeats
FNDA:90,(anonymous_34)
FNDA:4176,(anonymous_35)
FNDA:22,loadDnd35eSpells
FNDA:22,loadDnd35eClasses
FNDA:22,loadDnd35eSpecies
FNDA:22,loadDnd35eEquipment
FNDA:3726,(anonymous_40)
FNDA:22,loadDnd35eFeats
FNDA:22,loadPf1eSpells
FNDA:22,loadPf1eClasses
FNDA:22,loadPf1eSpecies
FNDA:22,loadPf1eEquipment
FNDA:1260,(anonymous_46)
FNDA:23,loadPf1eFeats
FNDA:23,loadMam3ePowers
FNDA:209,(anonymous_49)
FNDA:4218,(anonymous_50)
FNDA:22,loadMam3eEquipment
FNDA:108,(anonymous_52)
FNDA:2304,(anonymous_53)
FNDA:138,loadSpellsForSystem
FNDA:147,loadClassesForSystem
FNDA:146,loadSpeciesForSystem
FNDA:133,loadMonstersForSystem
FNDA:134,loadEquipmentForSystem
FNDA:135,loadFeatsForSystem
DA:30,553
DA:31,553
DA:33,553
DA:34,82379
DA:35,2451
DA:37,79928
DA:38,79928
DA:41,553
DA:49,82379
DA:50,553
DA:51,553
DA:64,23
DA:77,23
DA:78,23
DA:79,230
DA:80,230
DA:81,230
DA:82,0
DA:83,0
DA:88,23
DA:98,35
DA:99,30
DA:100,360
DA:112,34
DA:113,29
DA:115,29
DA:116,58
DA:117,29
DA:118,261
DA:119,261
DA:120,261
DA:123,29
DA:124,0
DA:125,0
DA:129,29
DA:133,22
DA:134,18
DA:138,23
DA:139,19
DA:141,19
DA:142,114
DA:143,95
DA:144,7752
DA:145,7752
DA:146,7752
DA:149,19
DA:150,0
DA:151,0
DA:155,19
DA:159,23
DA:160,19
DA:162,19
DA:163,38
DA:164,0
DA:165,0
DA:166,0
DA:167,0
DA:170,38
DA:171,19
DA:172,76
DA:173,76
DA:174,1653
DA:175,1653
DA:176,1653
DA:184,19
DA:189,24
DA:190,24
DA:203,24
DA:204,24
DA:205,240
DA:206,480
DA:207,240
DA:208,240
DA:209,0
DA:214,24
DA:216,0
DA:222,0
DA:227,23
DA:228,19
DA:232,23
DA:233,19
DA:237,23
DA:238,23
DA:239,19
DA:241,779
DA:243,0
DA:249,0
DA:254,23
DA:255,19
DA:259,22
DA:264,23
DA:265,23
DA:266,19
DA:268,0
DA:274,0
DA:279,23
DA:280,19
DA:284,23
DA:285,19
DA:289,22
DA:290,18
DA:291,18
DA:292,90
DA:293,4176
DA:296,18
DA:301,22
DA:302,18
DA:306,22
DA:307,18
DA:311,22
DA:312,18
DA:316,22
DA:317,18
DA:318,18
DA:324,18
DA:325,3726
DA:326,3726
DA:331,22
DA:332,18
DA:333,18
DA:342,18
DA:347,22
DA:348,22
DA:349,18
DA:351,0
DA:357,0
DA:362,22
DA:363,18
DA:367,22
DA:368,18
DA:372,22
DA:373,18
DA:379,22
DA:380,1260
DA:381,1260
DA:386,23
DA:387,19
DA:388,19
DA:399,19
DA:404,23
DA:405,19
DA:407,19
DA:408,209
DA:409,4218
DA:410,133
DA:411,76
DA:412,0
DA:416,19
DA:420,22
DA:421,18
DA:422,18
DA:423,108
DA:424,108
DA:427,18
DA:428,2304
DA:429,2304
DA:453,138
DA:455,23
DA:456,23
DA:458,24
DA:459,24
DA:461,23
DA:462,19
DA:464,22
DA:465,18
DA:467,22
DA:468,18
DA:470,23
DA:471,19
DA:473,1
DA:476,121
DA:493,147
DA:495,35
DA:496,30
DA:498,23
DA:499,19
DA:501,23
DA:502,19
DA:504,22
DA:505,18
DA:507,22
DA:508,18
DA:510,22
DA:513,104
DA:527,146
DA:529,34
DA:530,29
DA:532,23
DA:533,19
DA:535,22
DA:536,18
DA:538,22
DA:539,18
DA:541,23
DA:542,19
DA:544,22
DA:547,103
DA:561,133
DA:563,22
DA:564,18
DA:566,23
DA:567,19
DA:569,88
DA:572,37
DA:586,134
DA:588,23
DA:589,19
DA:591,23
DA:592,19
DA:594,22
DA:595,18
DA:597,22
DA:598,18
DA:600,22
DA:601,18
DA:603,22
DA:606,92
DA:620,135
DA:622,23
DA:623,19
DA:625,22
DA:626,22
DA:628,22
DA:629,18
DA:631,23
DA:632,19
DA:634,22
DA:635,18
DA:637,23
DA:640,96
LF:230
LH:210
BRDA:34,0,0,2451
BRDA:34,0,1,79928
BRDA:49,1,0,82379
BRDA:49,1,1,82379
BRDA:80,2,0,230
BRDA:80,2,1,0
BRDA:82,3,0,0
BRDA:82,3,1,0
BRDA:82,4,0,0
BRDA:82,4,1,0
BRDA:82,4,2,0
BRDA:82,4,3,0
BRDA:99,5,0,30
BRDA:99,5,1,0
BRDA:100,6,0,360
BRDA:100,6,1,360
BRDA:100,6,2,360
BRDA:100,6,3,360
BRDA:116,7,0,29
BRDA:116,7,1,29
BRDA:118,8,0,261
BRDA:118,8,1,0
BRDA:118,9,0,261
BRDA:118,9,1,261
BRDA:118,9,2,261
BRDA:118,9,3,261
BRDA:118,9,4,261
BRDA:123,10,0,0
BRDA:123,10,1,29
BRDA:123,11,0,29
BRDA:123,11,1,29
BRDA:123,11,2,0
BRDA:123,11,3,0
BRDA:123,11,4,0
BRDA:134,12,0,18
BRDA:134,12,1,0
BRDA:142,13,0,95
BRDA:142,13,1,19
BRDA:144,14,0,7752
BRDA:144,14,1,0
BRDA:144,15,0,7752
BRDA:144,15,1,7752
BRDA:144,15,2,7752
BRDA:149,16,0,0
BRDA:149,16,1,19
BRDA:149,17,0,19
BRDA:149,17,1,19
BRDA:149,17,2,0
BRDA:163,18,0,0
BRDA:163,18,1,38
BRDA:165,19,0,0
BRDA:165,19,1,0
BRDA:165,20,0,0
BRDA:165,20,1,0
BRDA:165,20,2,0
BRDA:170,21,0,19
BRDA:170,21,1,19
BRDA:170,22,0,38
BRDA:170,22,1,38
BRDA:172,23,0,76
BRDA:172,23,1,0
BRDA:174,24,0,1653
BRDA:174,24,1,0
BRDA:174,25,0,1653
BRDA:174,25,1,1653
BRDA:174,25,2,1653
BRDA:206,26,0,240
BRDA:206,26,1,240
BRDA:208,27,0,0
BRDA:208,27,1,240
BRDA:208,28,0,240
BRDA:208,28,1,240
BRDA:208,28,2,0
BRDA:208,28,3,0
BRDA:228,29,0,19
BRDA:228,29,1,0
BRDA:233,30,0,19
BRDA:233,30,1,0
BRDA:239,31,0,19
BRDA:239,31,1,0
BRDA:241,32,0,779
BRDA:241,32,1,779
BRDA:241,32,2,779
BRDA:241,32,3,779
BRDA:255,33,0,19
BRDA:255,33,1,0
BRDA:266,34,0,19
BRDA:266,34,1,0
BRDA:292,35,0,90
BRDA:292,35,1,0
BRDA:293,36,0,4176
BRDA:293,36,1,4176
BRDA:293,36,2,4176
BRDA:302,37,0,18
BRDA:302,37,1,0
BRDA:307,38,0,18
BRDA:307,38,1,0
BRDA:312,39,0,18
BRDA:312,39,1,0
BRDA:326,40,0,3726
BRDA:326,40,1,3726
BRDA:326,40,2,3726
BRDA:349,41,0,18
BRDA:349,41,1,0
BRDA:374,42,0,18
BRDA:374,42,1,0
BRDA:375,43,0,22
BRDA:375,43,1,0
BRDA:376,44,0,22
BRDA:376,44,1,0
BRDA:377,45,0,22
BRDA:377,45,1,0
BRDA:381,46,0,1260
BRDA:381,46,1,1260
BRDA:381,46,2,1260
BRDA:408,47,0,133
BRDA:408,47,1,76
BRDA:409,48,0,4218
BRDA:409,48,1,4218
BRDA:409,48,2,4218
BRDA:411,49,0,0
BRDA:411,49,1,76
BRDA:411,50,0,76
BRDA:411,50,1,76
BRDA:411,50,2,57
BRDA:411,50,3,0
BRDA:423,51,0,108
BRDA:423,51,1,0
BRDA:429,52,0,2304
BRDA:429,52,1,2304
BRDA:429,52,2,2304
BRDA:453,53,0,23
BRDA:453,53,1,24
BRDA:453,53,2,23
BRDA:453,53,3,22
BRDA:453,53,4,22
BRDA:453,53,5,23
BRDA:453,53,6,1
BRDA:493,54,0,35
BRDA:493,54,1,23
BRDA:493,54,2,23
BRDA:493,54,3,22
BRDA:493,54,4,22
BRDA:493,54,5,22
BRDA:527,55,0,34
BRDA:527,55,1,23
BRDA:527,55,2,22
BRDA:527,55,3,22
BRDA:527,55,4,23
BRDA:527,55,5,22
BRDA:561,56,0,22
BRDA:561,56,1,23
BRDA:561,56,2,88
BRDA:586,57,0,23
BRDA:586,57,1,23
BRDA:586,57,2,22
BRDA:586,57,3,22
BRDA:586,57,4,22
BRDA:586,57,5,22
BRDA:620,58,0,23
BRDA:620,58,1,22
BRDA:620,58,2,22
BRDA:620,58,3,23
BRDA:620,58,4,22
BRDA:620,58,5,23
BRF:165
BRH:120
end_of_record
TN:
SF:src/utils/dataMigration.ts
FN:32,(anonymous_0)
FN:46,migrateCharacter
FN:88,migrateAllCharacters
FN:133,needsMigration
FN:140,validateMigratedCharacter
FN:159,createMigrationBackup
FN:182,restoreFromBackup
FNF:7
FNH:7
FNDA:2,(anonymous_0)
FNDA:5,migrateCharacter
FNDA:1,migrateAllCharacters
FNDA:2,needsMigration
FNDA:3,validateMigratedCharacter
FNDA:2,createMigrationBackup
FNDA:2,restoreFromBackup
DA:11,1
DA:30,1
DA:34,2
DA:51,5
DA:52,5
DA:56,5
DA:57,2
DA:58,2
DA:60,2
DA:61,2
DA:62,2
DA:72,3
DA:74,2
DA:81,2
DA:93,1
DA:101,1
DA:102,0
DA:105,1
DA:107,1
DA:108,2
DA:110,2
DA:111,1
DA:112,1
DA:114,1
DA:115,1
DA:119,1
DA:127,1
DA:134,2
DA:141,3
DA:143,3
DA:152,0
DA:160,2
DA:161,2
DA:167,2
DA:169,1
DA:175,1
DA:183,2
DA:184,2
DA:186,2
DA:187,1
DA:190,1
DA:192,1
DA:198,1
LF:43
LH:41
BRDA:56,0,0,2
BRDA:56,0,1,3
BRDA:60,1,0,2
BRDA:60,1,1,0
BRDA:91,2,0,1
BRDA:101,3,0,0
BRDA:101,3,1,1
BRDA:110,4,0,1
BRDA:110,4,1,1
BRDA:115,5,0,1
BRDA:115,5,1,0
BRDA:121,6,0,0
BRDA:121,6,1,1
BRDA:144,7,0,3
BRDA:144,7,1,3
BRDA:144,7,2,2
BRDA:144,7,3,1
BRDA:144,7,4,1
BRDA:144,7,5,1
BRDA:186,8,0,1
BRDA:186,8,1,1
BRDA:186,9,0,2
BRDA:186,9,1,1
BRF:23
BRH:19
end_of_record
TN:
SF:src/utils/errorLogger.ts
FN:7,(anonymous_0)
FN:14,(anonymous_1)
FN:39,(anonymous_2)
FN:79,(anonymous_3)
FN:98,(anonymous_4)
FN:102,(anonymous_5)
FN:103,(anonymous_6)
FN:106,(anonymous_7)
FN:107,(anonymous_8)
FN:110,(anonymous_9)
FN:114,(anonymous_10)
FN:125,withErrorLogging
FN:131,(anonymous_12)
FN:150,safeExecute
FNF:14
FNH:14
FNDA:12,(anonymous_0)
FNDA:12,(anonymous_1)
FNDA:154,(anonymous_2)
FNDA:18,(anonymous_3)
FNDA:2,(anonymous_4)
FNDA:1,(anonymous_5)
FNDA:2,(anonymous_6)
FNDA:1,(anonymous_7)
FNDA:2,(anonymous_8)
FNDA:9,(anonymous_9)
FNDA:1,(anonymous_10)
FNDA:2,withErrorLogging
FNDA:2,(anonymous_12)
FNDA:2,safeExecute
DA:7,12
DA:8,12
DA:9,12
DA:10,12
DA:11,12
DA:14,12
DA:15,12
DA:16,12
DA:17,12
DA:18,12
DA:19,12
DA:20,12
DA:21,12
DA:36,12
DA:37,12
DA:47,154
DA:57,154
DA:60,154
DA:61,5
DA:65,154
DA:66,20
DA:67,134
DA:68,2
DA:70,132
DA:74,154
DA:75,18
DA:82,18
DA:83,18
DA:84,18
DA:87,18
DA:88,18
DA:94,1
DA:99,2
DA:103,2
DA:107,2
DA:111,9
DA:115,1
DA:119,12
DA:131,2
DA:132,2
DA:133,2
DA:135,1
DA:142,1
DA:155,2
DA:156,2
DA:158,1
DA:164,1
LF:47
LH:47
BRDA:7,0,0,12
BRDA:7,0,1,12
BRDA:14,1,0,12
BRDA:14,1,1,12
BRDA:54,2,0,154
BRDA:54,2,1,0
BRDA:60,3,0,5
BRDA:60,3,1,149
BRDA:65,4,0,20
BRDA:65,4,1,134
BRDA:65,5,0,154
BRDA:65,5,1,136
BRDA:67,6,0,2
BRDA:67,6,1,132
BRDA:74,7,0,18
BRDA:74,7,1,136
BRDA:83,8,0,18
BRDA:83,8,1,0
BRDA:83,9,0,18
BRDA:83,9,1,18
BRDA:85,10,0,18
BRDA:85,10,1,3
BRDA:138,11,0,1
BRDA:138,11,1,0
BRDA:153,12,0,2
BRF:25
BRH:22
end_of_record
TN:
SF:src/utils/inputValidation.ts
FN:38,safeParseInt
FN:110,validateLevel
FN:127,validateAbilityScore
FN:139,validateHP
FN:150,safeParseString
FN:195,validateCharacterName
FN:210,safeParseArray
FN:246,safeParseObject
FN:271,clamp
FNF:9
FNH:9
FNDA:119,safeParseInt
FNDA:22,validateLevel
FNDA:84,validateAbilityScore
FNDA:3,validateHP
FNDA:20,safeParseString
FNDA:15,validateCharacterName
FNDA:4,safeParseArray
FNDA:3,safeParseObject
FNDA:4,clamp
DA:45,119
DA:46,2
DA:50,117
DA:51,95
DA:52,1
DA:59,1
DA:61,94
DA:65,22
DA:66,21
DA:67,21
DA:69,18
DA:70,18
DA:71,1
DA:78,1
DA:81,17
DA:85,1
DA:92,1
DA:111,22
DA:128,84
DA:140,3
DA:141,3
DA:142,3
DA:144,3
DA:156,20
DA:157,1
DA:162,19
DA:163,16
DA:164,3
DA:165,2
DA:167,1
DA:174,1
DA:178,18
DA:179,1
DA:186,1
DA:189,17
DA:196,15
DA:199,15
DA:200,15
DA:201,2
DA:204,13
DA:215,4
DA:216,2
DA:217,1
DA:219,1
DA:226,1
DA:229,2
DA:230,1
DA:237,1
DA:240,1
DA:250,3
DA:251,1
DA:254,2
DA:255,1
DA:262,1
DA:265,1
DA:272,4
DA:273,1
DA:280,1
DA:283,3
LF:59
LH:59
BRDA:40,0,0,119
BRDA:41,1,0,119
BRDA:42,2,0,119
BRDA:45,3,0,2
BRDA:45,3,1,117
BRDA:45,4,0,119
BRDA:45,4,1,118
BRDA:50,5,0,95
BRDA:50,5,1,22
BRDA:51,6,0,1
BRDA:51,6,1,94
BRDA:65,7,0,21
BRDA:65,7,1,1
BRDA:67,8,0,3
BRDA:67,8,1,18
BRDA:70,9,0,1
BRDA:70,9,1,17
BRDA:139,10,0,3
BRDA:140,11,0,2
BRDA:140,11,1,1
BRDA:142,12,0,2
BRDA:142,12,1,1
BRDA:152,13,0,20
BRDA:153,14,0,20
BRDA:156,15,0,1
BRDA:156,15,1,19
BRDA:156,16,0,20
BRDA:156,16,1,19
BRDA:162,17,0,16
BRDA:162,17,1,3
BRDA:164,18,0,2
BRDA:164,18,1,1
BRDA:164,19,0,3
BRDA:164,19,1,2
BRDA:178,20,0,1
BRDA:178,20,1,17
BRDA:200,21,0,2
BRDA:200,21,1,13
BRDA:212,22,0,4
BRDA:213,23,0,4
BRDA:215,24,0,2
BRDA:215,24,1,2
BRDA:216,25,0,1
BRDA:216,25,1,1
BRDA:216,26,0,2
BRDA:216,26,1,1
BRDA:229,27,0,1
BRDA:229,27,1,1
BRDA:250,28,0,1
BRDA:250,28,1,2
BRDA:250,29,0,3
BRDA:250,29,1,2
BRDA:254,30,0,1
BRDA:254,30,1,1
BRDA:254,31,0,2
BRDA:254,31,1,2
BRDA:272,32,0,1
BRDA:272,32,1,3
BRF:58
BRH:58
end_of_record
TN:
SF:src/utils/openContentPolicy.ts
FN:46,(anonymous_0)
FN:67,extractSourceAttribution
FN:98,isOpenContentCompliant
FN:111,filterOpenContentBySource
FN:116,(anonymous_4)
FNF:5
FNH:5
FNDA:80067,(anonymous_0)
FNDA:79996,extractSourceAttribution
FNDA:79989,isOpenContentCompliant
FNDA:554,filterOpenContentBySource
FNDA:79932,(anonymous_4)
DA:19,5
DA:46,5
DA:47,80067
DA:49,5
DA:58,5
DA:68,79996
DA:69,1
DA:72,79995
DA:74,79995
DA:75,79987
DA:78,8
DA:79,4
DA:80,4
DA:81,2
DA:83,2
DA:84,1
DA:88,5
DA:89,1
DA:90,1
DA:91,1
DA:95,4
DA:103,79989
DA:104,79989
DA:105,2
DA:108,79987
DA:116,79932
LF:26
LH:26
BRDA:68,0,0,1
BRDA:68,0,1,79995
BRDA:68,1,0,79996
BRDA:68,1,1,79995
BRDA:74,2,0,79987
BRDA:74,2,1,8
BRDA:74,3,0,79995
BRDA:74,3,1,79987
BRDA:78,4,0,4
BRDA:78,4,1,4
BRDA:78,5,0,8
BRDA:78,5,1,4
BRDA:80,6,0,2
BRDA:80,6,1,2
BRDA:80,7,0,4
BRDA:80,7,1,3
BRDA:83,8,0,1
BRDA:83,8,1,1
BRDA:83,9,0,2
BRDA:83,9,1,1
BRDA:88,10,0,1
BRDA:88,10,1,4
BRDA:88,11,0,5
BRDA:88,11,1,1
BRDA:90,12,0,1
BRDA:90,12,1,0
BRDA:90,13,0,1
BRDA:90,13,1,1
BRDA:104,14,0,2
BRDA:104,14,1,79987
BRF:30
BRH:29
end_of_record
TN:
SF:src/utils/performance.ts
FN:20,(anonymous_0)
FN:67,(anonymous_1)
FN:114,getPerformanceMetrics
FN:121,clearPerformanceMetrics
FN:129,(anonymous_4)
FN:135,(anonymous_5)
FN:137,(anonymous_6)
FN:145,(anonymous_7)
FN:151,(anonymous_8)
FN:155,(anonymous_9)
FN:160,(anonymous_10)
FN:163,(anonymous_11)
FN:164,(anonymous_12)
FN:168,(anonymous_13)
FN:176,(anonymous_14)
FN:179,(anonymous_15)
FN:186,(anonymous_16)
FN:189,(anonymous_17)
FNF:18
FNH:18
FNDA:4,(anonymous_0)
FNDA:2,(anonymous_1)
FNDA:3,getPerformanceMetrics
FNDA:12,clearPerformanceMetrics
FNDA:1,(anonymous_4)
FNDA:2,(anonymous_5)
FNDA:1,(anonymous_6)
FNDA:1,(anonymous_7)
FNDA:3,(anonymous_8)
FNDA:1,(anonymous_9)
FNDA:3,(anonymous_10)
FNDA:2,(anonymous_11)
FNDA:1,(anonymous_12)
FNDA:2,(anonymous_13)
FNDA:3,(anonymous_14)
FNDA:3,(anonymous_15)
FNDA:1,(anonymous_16)
FNDA:3,(anonymous_17)
DA:14,1
DA:15,1
DA:20,1
DA:21,4
DA:22,4
DA:23,4
DA:24,4
DA:25,4
DA:28,4
DA:29,1
DA:39,3
DA:46,3
DA:47,0
DA:50,3
DA:52,1
DA:53,1
DA:60,1
DA:67,1
DA:71,2
DA:72,2
DA:73,2
DA:74,1
DA:75,1
DA:77,1
DA:78,1
DA:87,1
DA:93,1
DA:94,0
DA:97,1
DA:99,1
DA:100,1
DA:107,1
DA:115,3
DA:122,12
DA:129,1
DA:133,1
DA:135,1
DA:136,2
DA:137,2
DA:145,1
DA:151,1
DA:152,3
DA:153,2
DA:154,2
DA:155,2
DA:160,1
DA:161,3
DA:163,3
DA:164,2
DA:165,1
DA:168,2
DA:169,2
DA:173,3
DA:176,1
DA:177,3
DA:179,3
DA:180,3
DA:183,3
DA:186,1
DA:187,1
DA:189,1
DA:190,3
DA:191,3
DA:192,1
DA:194,2
DA:195,2
DA:196,2
LF:67
LH:65
BRDA:28,0,0,1
BRDA:28,0,1,3
BRDA:46,1,0,0
BRDA:46,1,1,3
BRDA:77,2,0,1
BRDA:77,2,1,0
BRDA:93,3,0,0
BRDA:93,3,1,1
BRDA:136,4,0,1
BRDA:136,4,1,1
BRDA:152,5,0,2
BRDA:152,5,1,1
BRDA:191,6,0,1
BRDA:191,6,1,2
BRF:14
BRH:11
end_of_record
TN:
SF:src/utils/performanceMonitoring.ts
FN:22,(anonymous_0)
FN:28,(anonymous_1)
FN:36,(anonymous_2)
FN:41,(anonymous_3)
FN:42,(anonymous_4)
FN:45,(anonymous_5)
FN:49,(anonymous_6)
FN:51,(anonymous_7)
FN:54,(anonymous_8)
FN:65,(anonymous_9)
FN:96,(anonymous_10)
FN:116,reportWebVitals
FN:117,(anonymous_12)
FNF:13
FNH:13
FNDA:1,(anonymous_0)
FNDA:1,(anonymous_1)
FNDA:8,(anonymous_2)
FNDA:8,(anonymous_3)
FNDA:2,(anonymous_4)
FNDA:5,(anonymous_5)
FNDA:1,(anonymous_6)
FNDA:1,(anonymous_7)
FNDA:1,(anonymous_8)
FNDA:1,(anonymous_9)
FNDA:5,(anonymous_10)
FNDA:1,reportWebVitals
FNDA:1,(anonymous_12)
DA:12,1
DA:20,1
DA:23,1
DA:24,1
DA:29,1
DA:30,1
DA:31,1
DA:32,1
DA:33,1
DA:37,8
DA:38,8
DA:42,8
DA:46,5
DA:50,1
DA:51,1
DA:55,1
DA:56,1
DA:66,1
DA:67,1
DA:97,5
DA:99,5
DA:107,5
DA:108,5
DA:109,3
DA:110,2
DA:114,1
DA:117,1
DA:118,1
LF:28
LH:28
BRDA:23,0,0,1
BRDA:23,0,1,0
BRDA:57,1,0,1
BRDA:57,1,1,0
BRDA:58,2,0,1
BRDA:58,2,1,0
BRDA:59,3,0,1
BRDA:59,3,1,0
BRDA:60,4,0,1
BRDA:60,4,1,0
BRDA:61,5,0,1
BRDA:61,5,1,0
BRDA:70,6,0,1
BRDA:70,6,1,0
BRDA:75,7,0,1
BRDA:75,7,1,0
BRDA:80,8,0,1
BRDA:80,8,1,0
BRDA:85,9,0,1
BRDA:85,9,1,0
BRDA:90,10,0,1
BRDA:90,10,1,0
BRDA:97,11,0,0
BRDA:97,11,1,5
BRDA:108,12,0,2
BRDA:108,12,1,3
BRDA:109,13,0,1
BRDA:109,13,1,2
BRF:28
BRH:16
end_of_record
TN:
SF:src/utils/storage.ts
FN:12,(anonymous_0)
FN:29,(anonymous_1)
FN:46,(anonymous_2)
FN:60,(anonymous_3)
FN:69,(anonymous_4)
FN:77,(anonymous_5)
FN:87,(anonymous_6)
FN:91,(anonymous_7)
FNF:8
FNH:8
FNDA:18,(anonymous_0)
FNDA:19,(anonymous_1)
FNDA:2,(anonymous_2)
FNDA:1,(anonymous_3)
FNDA:4,(anonymous_4)
FNDA:2,(anonymous_5)
FNDA:3,(anonymous_6)
FNDA:3,(anonymous_7)
DA:3,4
DA:4,4
DA:12,4
DA:13,18
DA:14,18
DA:19,18
DA:22,2
DA:23,1
DA:25,2
DA:29,4
DA:30,19
DA:31,19
DA:32,19
DA:34,4
DA:37,4
DA:39,2
DA:40,1
DA:46,3
DA:53,1
DA:54,1
DA:56,1
DA:60,4
DA:61,1
DA:66,1
DA:69,4
DA:70,4
DA:71,4
DA:73,4
DA:74,1
DA:77,2
DA:83,2
DA:87,4
DA:88,3
DA:91,4
DA:92,3
DA:93,3
LF:36
LH:36
BRDA:22,0,0,1
BRDA:22,0,1,1
BRDA:32,1,0,15
BRDA:32,1,1,4
BRDA:37,2,0,2
BRDA:37,2,1,2
BRDA:39,3,0,1
BRDA:39,3,1,1
BRDA:53,4,0,1
BRDA:53,4,1,0
BRDA:73,5,0,1
BRDA:73,5,1,3
BRDA:73,6,0,4
BRDA:73,6,1,2
BRDA:93,7,0,1
BRDA:93,7,1,2
BRF:16
BRH:15
end_of_record
TN:
SF:src/utils/storageQuota.ts
FN:17,(anonymous_0)
FN:26,getStorageInfo
FN:57,estimateLocalStorageSize
FN:81,hasStorageSpace
FN:91,safeSetItem
FN:123,attemptStorageRecovery
FN:160,safeGetItem
FN:178,safeRemoveItem
FN:197,clearUnusedData
FNF:9
FNH:8
FNDA:0,(anonymous_0)
FNDA:5,getStorageInfo
FNDA:1,estimateLocalStorageSize
FNDA:2,hasStorageSpace
FNDA:3,safeSetItem
FNDA:2,attemptStorageRecovery
FNDA:2,safeGetItem
FNDA:2,safeRemoveItem
FNDA:1,clearUnusedData
DA:18,0
DA:19,0
DA:27,5
DA:28,5
DA:29,4
DA:30,3
DA:31,4
DA:33,4
DA:42,1
DA:44,1
DA:50,1
DA:58,1
DA:60,1
DA:61,1
DA:62,1
DA:67,1
DA:68,1
DA:70,1
DA:82,2
DA:83,2
DA:85,2
DA:92,3
DA:93,3
DA:94,3
DA:96,2
DA:97,2
DA:106,2
DA:109,0
DA:116,0
DA:124,2
DA:131,2
DA:132,2
DA:138,2
DA:139,2
DA:140,2
DA:145,2
DA:147,1
DA:153,1
DA:161,2
DA:162,2
DA:164,1
DA:171,1
DA:179,2
DA:180,2
DA:181,2
DA:183,1
DA:190,1
DA:198,1
DA:200,1
DA:202,1
DA:203,1
DA:204,1
DA:205,1
DA:213,1
DA:219,0
DA:227,1
LF:56
LH:51
BRDA:28,0,0,4
BRDA:28,0,1,1
BRDA:28,1,0,5
BRDA:28,1,1,5
BRDA:30,2,0,3
BRDA:30,2,1,0
BRDA:31,3,0,4
BRDA:31,3,1,0
BRDA:36,4,0,3
BRDA:36,4,1,0
BRDA:61,5,0,1
BRDA:61,5,1,0
BRDA:83,6,0,0
BRDA:83,6,1,2
BRDA:96,7,0,2
BRDA:96,7,1,0
BRDA:96,8,0,2
BRDA:96,8,1,2
BRDA:160,9,0,2
BRDA:203,10,0,1
BRDA:203,10,1,0
BRF:21
BRH:14
end_of_record
TN:
SF:src/utils/validation.ts
FN:5,(anonymous_0)
FN:11,(anonymous_1)
FN:20,(anonymous_2)
FN:29,(anonymous_3)
FN:38,(anonymous_4)
FN:50,(anonymous_5)
FN:58,(anonymous_6)
FN:71,(anonymous_7)
FNF:8
FNH:8
FNDA:12,(anonymous_0)
FNDA:16,(anonymous_1)
FNDA:16,(anonymous_2)
FNDA:72,(anonymous_3)
FNDA:16,(anonymous_4)
FNDA:14,(anonymous_5)
FNDA:68,(anonymous_6)
FNDA:42,(anonymous_7)
DA:5,12
DA:6,12
DA:7,12
DA:11,6
DA:12,16
DA:13,2
DA:15,14
DA:16,1
DA:20,6
DA:21,16
DA:22,1
DA:24,15
DA:25,2
DA:29,6
DA:30,72
DA:31,1
DA:33,71
DA:34,2
DA:38,6
DA:39,16
DA:40,1
DA:42,15
DA:43,1
DA:45,14
DA:46,1
DA:50,6
DA:51,14
DA:52,13
DA:54,13
DA:55,12
DA:57,13
DA:58,12
DA:59,68
DA:62,13
DA:63,12
DA:71,6
DA:72,42
LF:37
LH:37
BRDA:12,0,0,2
BRDA:12,0,1,14
BRDA:12,1,0,16
BRDA:12,1,1,15
BRDA:15,2,0,1
BRDA:15,2,1,13
BRDA:21,3,0,1
BRDA:21,3,1,15
BRDA:24,4,0,2
BRDA:24,4,1,13
BRDA:24,5,0,15
BRDA:24,5,1,14
BRDA:30,6,0,1
BRDA:30,6,1,71
BRDA:33,7,0,2
BRDA:33,7,1,69
BRDA:33,8,0,71
BRDA:33,8,1,70
BRDA:39,9,0,1
BRDA:39,9,1,15
BRDA:42,10,0,1
BRDA:42,10,1,14
BRDA:45,11,0,1
BRDA:45,11,1,13
BRDA:51,12,0,13
BRDA:51,12,1,1
BRDA:54,13,0,12
BRDA:54,13,1,1
BRDA:57,14,0,12
BRDA:57,14,1,1
BRDA:62,15,0,12
BRDA:62,15,1,1
BRF:32
BRH:32
end_of_record
